mode: set
github.com/aiur-adept/sameriver/v7/GENERATED_efdsl_identresolve_types.go:8.69,10.3 1 0
github.com/aiur-adept/sameriver/v7/GENERATED_efdsl_identresolve_types.go:11.68,13.3 1 1
github.com/aiur-adept/sameriver/v7/GENERATED_efdsl_identresolve_types.go:14.72,16.3 1 0
github.com/aiur-adept/sameriver/v7/GENERATED_efdsl_identresolve_types.go:17.71,19.3 1 0
github.com/aiur-adept/sameriver/v7/GENERATED_efdsl_identresolve_types.go:20.73,22.3 1 0
github.com/aiur-adept/sameriver/v7/GENERATED_efdsl_identresolve_types.go:23.70,25.3 1 0
github.com/aiur-adept/sameriver/v7/GENERATED_efdsl_identresolve_types.go:26.72,28.3 1 0
github.com/aiur-adept/sameriver/v7/GENERATED_efdsl_sig_assert_switches.go:7.100,9.28 2 1
github.com/aiur-adept/sameriver/v7/GENERATED_efdsl_sig_assert_switches.go:10.37,11.39 1 0
github.com/aiur-adept/sameriver/v7/GENERATED_efdsl_sig_assert_switches.go:12.36,13.38 1 0
github.com/aiur-adept/sameriver/v7/GENERATED_efdsl_sig_assert_switches.go:14.40,15.42 1 0
github.com/aiur-adept/sameriver/v7/GENERATED_efdsl_sig_assert_switches.go:16.39,17.41 1 1
github.com/aiur-adept/sameriver/v7/GENERATED_efdsl_sig_assert_switches.go:18.41,19.43 1 1
github.com/aiur-adept/sameriver/v7/GENERATED_efdsl_sig_assert_switches.go:20.38,21.40 1 0
github.com/aiur-adept/sameriver/v7/GENERATED_efdsl_sig_assert_switches.go:22.40,23.42 1 0
github.com/aiur-adept/sameriver/v7/GENERATED_efdsl_sig_assert_switches.go:24.43,25.60 1 0
github.com/aiur-adept/sameriver/v7/GENERATED_efdsl_sig_assert_switches.go:26.42,27.59 1 0
github.com/aiur-adept/sameriver/v7/GENERATED_efdsl_sig_assert_switches.go:28.46,29.63 1 0
github.com/aiur-adept/sameriver/v7/GENERATED_efdsl_sig_assert_switches.go:30.45,31.62 1 0
github.com/aiur-adept/sameriver/v7/GENERATED_efdsl_sig_assert_switches.go:32.47,33.64 1 0
github.com/aiur-adept/sameriver/v7/GENERATED_efdsl_sig_assert_switches.go:34.44,35.61 1 0
github.com/aiur-adept/sameriver/v7/GENERATED_efdsl_sig_assert_switches.go:36.46,37.63 1 0
github.com/aiur-adept/sameriver/v7/GENERATED_efdsl_sig_assert_switches.go:38.42,39.59 1 0
github.com/aiur-adept/sameriver/v7/GENERATED_efdsl_sig_assert_switches.go:40.41,41.58 1 0
github.com/aiur-adept/sameriver/v7/GENERATED_efdsl_sig_assert_switches.go:42.45,43.62 1 0
github.com/aiur-adept/sameriver/v7/GENERATED_efdsl_sig_assert_switches.go:44.44,45.61 1 1
github.com/aiur-adept/sameriver/v7/GENERATED_efdsl_sig_assert_switches.go:46.46,47.63 1 0
github.com/aiur-adept/sameriver/v7/GENERATED_efdsl_sig_assert_switches.go:48.43,49.60 1 0
github.com/aiur-adept/sameriver/v7/GENERATED_efdsl_sig_assert_switches.go:50.45,51.62 1 0
github.com/aiur-adept/sameriver/v7/GENERATED_efdsl_sig_assert_switches.go:52.46,53.63 1 0
github.com/aiur-adept/sameriver/v7/GENERATED_efdsl_sig_assert_switches.go:54.45,55.62 1 1
github.com/aiur-adept/sameriver/v7/GENERATED_efdsl_sig_assert_switches.go:56.49,57.66 1 0
github.com/aiur-adept/sameriver/v7/GENERATED_efdsl_sig_assert_switches.go:58.48,59.65 1 0
github.com/aiur-adept/sameriver/v7/GENERATED_efdsl_sig_assert_switches.go:60.50,61.67 1 0
github.com/aiur-adept/sameriver/v7/GENERATED_efdsl_sig_assert_switches.go:62.47,63.64 1 0
github.com/aiur-adept/sameriver/v7/GENERATED_efdsl_sig_assert_switches.go:64.49,65.66 1 0
github.com/aiur-adept/sameriver/v7/GENERATED_efdsl_sig_assert_switches.go:66.45,67.62 1 0
github.com/aiur-adept/sameriver/v7/GENERATED_efdsl_sig_assert_switches.go:68.44,69.61 1 0
github.com/aiur-adept/sameriver/v7/GENERATED_efdsl_sig_assert_switches.go:70.48,71.65 1 0
github.com/aiur-adept/sameriver/v7/GENERATED_efdsl_sig_assert_switches.go:72.47,73.64 1 0
github.com/aiur-adept/sameriver/v7/GENERATED_efdsl_sig_assert_switches.go:74.49,75.66 1 0
github.com/aiur-adept/sameriver/v7/GENERATED_efdsl_sig_assert_switches.go:76.46,77.63 1 0
github.com/aiur-adept/sameriver/v7/GENERATED_efdsl_sig_assert_switches.go:78.48,79.65 1 0
github.com/aiur-adept/sameriver/v7/GENERATED_efdsl_sig_assert_switches.go:80.47,81.64 1 0
github.com/aiur-adept/sameriver/v7/GENERATED_efdsl_sig_assert_switches.go:82.46,83.63 1 0
github.com/aiur-adept/sameriver/v7/GENERATED_efdsl_sig_assert_switches.go:84.50,85.67 1 0
github.com/aiur-adept/sameriver/v7/GENERATED_efdsl_sig_assert_switches.go:86.49,87.66 1 0
github.com/aiur-adept/sameriver/v7/GENERATED_efdsl_sig_assert_switches.go:88.51,89.68 1 0
github.com/aiur-adept/sameriver/v7/GENERATED_efdsl_sig_assert_switches.go:90.48,91.65 1 0
github.com/aiur-adept/sameriver/v7/GENERATED_efdsl_sig_assert_switches.go:92.50,93.67 1 0
github.com/aiur-adept/sameriver/v7/GENERATED_efdsl_sig_assert_switches.go:94.44,95.61 1 0
github.com/aiur-adept/sameriver/v7/GENERATED_efdsl_sig_assert_switches.go:96.43,97.60 1 0
github.com/aiur-adept/sameriver/v7/GENERATED_efdsl_sig_assert_switches.go:98.47,99.64 1 0
github.com/aiur-adept/sameriver/v7/GENERATED_efdsl_sig_assert_switches.go:100.46,101.63 1 0
github.com/aiur-adept/sameriver/v7/GENERATED_efdsl_sig_assert_switches.go:102.48,103.65 1 0
github.com/aiur-adept/sameriver/v7/GENERATED_efdsl_sig_assert_switches.go:104.45,105.62 1 0
github.com/aiur-adept/sameriver/v7/GENERATED_efdsl_sig_assert_switches.go:106.47,107.64 1 0
github.com/aiur-adept/sameriver/v7/GENERATED_efdsl_sig_assert_switches.go:108.46,109.63 1 0
github.com/aiur-adept/sameriver/v7/GENERATED_efdsl_sig_assert_switches.go:110.45,111.62 1 0
github.com/aiur-adept/sameriver/v7/GENERATED_efdsl_sig_assert_switches.go:112.49,113.66 1 0
github.com/aiur-adept/sameriver/v7/GENERATED_efdsl_sig_assert_switches.go:114.48,115.65 1 0
github.com/aiur-adept/sameriver/v7/GENERATED_efdsl_sig_assert_switches.go:116.50,117.67 1 0
github.com/aiur-adept/sameriver/v7/GENERATED_efdsl_sig_assert_switches.go:118.47,119.64 1 0
github.com/aiur-adept/sameriver/v7/GENERATED_efdsl_sig_assert_switches.go:120.49,121.66 1 0
github.com/aiur-adept/sameriver/v7/GENERATED_efdsl_sig_assert_switches.go:122.49,123.81 1 0
github.com/aiur-adept/sameriver/v7/GENERATED_efdsl_sig_assert_switches.go:124.48,125.80 1 0
github.com/aiur-adept/sameriver/v7/GENERATED_efdsl_sig_assert_switches.go:126.52,127.84 1 0
github.com/aiur-adept/sameriver/v7/GENERATED_efdsl_sig_assert_switches.go:128.51,129.83 1 0
github.com/aiur-adept/sameriver/v7/GENERATED_efdsl_sig_assert_switches.go:130.53,131.85 1 0
github.com/aiur-adept/sameriver/v7/GENERATED_efdsl_sig_assert_switches.go:132.50,133.82 1 0
github.com/aiur-adept/sameriver/v7/GENERATED_efdsl_sig_assert_switches.go:134.52,135.84 1 0
github.com/aiur-adept/sameriver/v7/GENERATED_efdsl_sig_assert_switches.go:136.48,137.80 1 0
github.com/aiur-adept/sameriver/v7/GENERATED_efdsl_sig_assert_switches.go:138.47,139.79 1 0
github.com/aiur-adept/sameriver/v7/GENERATED_efdsl_sig_assert_switches.go:140.51,141.83 1 0
github.com/aiur-adept/sameriver/v7/GENERATED_efdsl_sig_assert_switches.go:142.50,143.82 1 0
github.com/aiur-adept/sameriver/v7/GENERATED_efdsl_sig_assert_switches.go:144.52,145.84 1 0
github.com/aiur-adept/sameriver/v7/GENERATED_efdsl_sig_assert_switches.go:146.49,147.81 1 0
github.com/aiur-adept/sameriver/v7/GENERATED_efdsl_sig_assert_switches.go:148.51,149.83 1 0
github.com/aiur-adept/sameriver/v7/GENERATED_efdsl_sig_assert_switches.go:150.52,151.84 1 0
github.com/aiur-adept/sameriver/v7/GENERATED_efdsl_sig_assert_switches.go:152.51,153.83 1 0
github.com/aiur-adept/sameriver/v7/GENERATED_efdsl_sig_assert_switches.go:154.55,155.87 1 0
github.com/aiur-adept/sameriver/v7/GENERATED_efdsl_sig_assert_switches.go:156.54,157.86 1 0
github.com/aiur-adept/sameriver/v7/GENERATED_efdsl_sig_assert_switches.go:158.56,159.88 1 0
github.com/aiur-adept/sameriver/v7/GENERATED_efdsl_sig_assert_switches.go:160.53,161.85 1 0
github.com/aiur-adept/sameriver/v7/GENERATED_efdsl_sig_assert_switches.go:162.55,163.87 1 0
github.com/aiur-adept/sameriver/v7/GENERATED_efdsl_sig_assert_switches.go:164.51,165.83 1 0
github.com/aiur-adept/sameriver/v7/GENERATED_efdsl_sig_assert_switches.go:166.50,167.82 1 0
github.com/aiur-adept/sameriver/v7/GENERATED_efdsl_sig_assert_switches.go:168.54,169.86 1 0
github.com/aiur-adept/sameriver/v7/GENERATED_efdsl_sig_assert_switches.go:170.53,171.85 1 0
github.com/aiur-adept/sameriver/v7/GENERATED_efdsl_sig_assert_switches.go:172.55,173.87 1 0
github.com/aiur-adept/sameriver/v7/GENERATED_efdsl_sig_assert_switches.go:174.52,175.84 1 0
github.com/aiur-adept/sameriver/v7/GENERATED_efdsl_sig_assert_switches.go:176.54,177.86 1 0
github.com/aiur-adept/sameriver/v7/GENERATED_efdsl_sig_assert_switches.go:178.53,179.85 1 0
github.com/aiur-adept/sameriver/v7/GENERATED_efdsl_sig_assert_switches.go:180.52,181.84 1 0
github.com/aiur-adept/sameriver/v7/GENERATED_efdsl_sig_assert_switches.go:182.56,183.88 1 0
github.com/aiur-adept/sameriver/v7/GENERATED_efdsl_sig_assert_switches.go:184.55,185.87 1 0
github.com/aiur-adept/sameriver/v7/GENERATED_efdsl_sig_assert_switches.go:186.57,187.89 1 0
github.com/aiur-adept/sameriver/v7/GENERATED_efdsl_sig_assert_switches.go:188.54,189.86 1 0
github.com/aiur-adept/sameriver/v7/GENERATED_efdsl_sig_assert_switches.go:190.56,191.88 1 0
github.com/aiur-adept/sameriver/v7/GENERATED_efdsl_sig_assert_switches.go:192.50,193.82 1 0
github.com/aiur-adept/sameriver/v7/GENERATED_efdsl_sig_assert_switches.go:194.49,195.81 1 0
github.com/aiur-adept/sameriver/v7/GENERATED_efdsl_sig_assert_switches.go:196.53,197.85 1 0
github.com/aiur-adept/sameriver/v7/GENERATED_efdsl_sig_assert_switches.go:198.52,199.84 1 0
github.com/aiur-adept/sameriver/v7/GENERATED_efdsl_sig_assert_switches.go:200.54,201.86 1 0
github.com/aiur-adept/sameriver/v7/GENERATED_efdsl_sig_assert_switches.go:202.51,203.83 1 0
github.com/aiur-adept/sameriver/v7/GENERATED_efdsl_sig_assert_switches.go:204.53,205.85 1 0
github.com/aiur-adept/sameriver/v7/GENERATED_efdsl_sig_assert_switches.go:206.52,207.84 1 0
github.com/aiur-adept/sameriver/v7/GENERATED_efdsl_sig_assert_switches.go:208.51,209.83 1 0
github.com/aiur-adept/sameriver/v7/GENERATED_efdsl_sig_assert_switches.go:210.55,211.87 1 0
github.com/aiur-adept/sameriver/v7/GENERATED_efdsl_sig_assert_switches.go:212.54,213.86 1 0
github.com/aiur-adept/sameriver/v7/GENERATED_efdsl_sig_assert_switches.go:214.56,215.88 1 0
github.com/aiur-adept/sameriver/v7/GENERATED_efdsl_sig_assert_switches.go:216.53,217.85 1 0
github.com/aiur-adept/sameriver/v7/GENERATED_efdsl_sig_assert_switches.go:218.55,219.87 1 0
github.com/aiur-adept/sameriver/v7/GENERATED_efdsl_sig_assert_switches.go:220.48,221.80 1 0
github.com/aiur-adept/sameriver/v7/GENERATED_efdsl_sig_assert_switches.go:222.47,223.79 1 0
github.com/aiur-adept/sameriver/v7/GENERATED_efdsl_sig_assert_switches.go:224.51,225.83 1 0
github.com/aiur-adept/sameriver/v7/GENERATED_efdsl_sig_assert_switches.go:226.50,227.82 1 0
github.com/aiur-adept/sameriver/v7/GENERATED_efdsl_sig_assert_switches.go:228.52,229.84 1 0
github.com/aiur-adept/sameriver/v7/GENERATED_efdsl_sig_assert_switches.go:230.49,231.81 1 0
github.com/aiur-adept/sameriver/v7/GENERATED_efdsl_sig_assert_switches.go:232.51,233.83 1 0
github.com/aiur-adept/sameriver/v7/GENERATED_efdsl_sig_assert_switches.go:234.47,235.79 1 0
github.com/aiur-adept/sameriver/v7/GENERATED_efdsl_sig_assert_switches.go:236.46,237.78 1 0
github.com/aiur-adept/sameriver/v7/GENERATED_efdsl_sig_assert_switches.go:238.50,239.82 1 0
github.com/aiur-adept/sameriver/v7/GENERATED_efdsl_sig_assert_switches.go:240.49,241.81 1 0
github.com/aiur-adept/sameriver/v7/GENERATED_efdsl_sig_assert_switches.go:242.51,243.83 1 0
github.com/aiur-adept/sameriver/v7/GENERATED_efdsl_sig_assert_switches.go:244.48,245.80 1 0
github.com/aiur-adept/sameriver/v7/GENERATED_efdsl_sig_assert_switches.go:246.50,247.82 1 0
github.com/aiur-adept/sameriver/v7/GENERATED_efdsl_sig_assert_switches.go:248.51,249.83 1 0
github.com/aiur-adept/sameriver/v7/GENERATED_efdsl_sig_assert_switches.go:250.50,251.82 1 0
github.com/aiur-adept/sameriver/v7/GENERATED_efdsl_sig_assert_switches.go:252.54,253.86 1 0
github.com/aiur-adept/sameriver/v7/GENERATED_efdsl_sig_assert_switches.go:254.53,255.85 1 0
github.com/aiur-adept/sameriver/v7/GENERATED_efdsl_sig_assert_switches.go:256.55,257.87 1 0
github.com/aiur-adept/sameriver/v7/GENERATED_efdsl_sig_assert_switches.go:258.52,259.84 1 0
github.com/aiur-adept/sameriver/v7/GENERATED_efdsl_sig_assert_switches.go:260.54,261.86 1 0
github.com/aiur-adept/sameriver/v7/GENERATED_efdsl_sig_assert_switches.go:262.50,263.82 1 0
github.com/aiur-adept/sameriver/v7/GENERATED_efdsl_sig_assert_switches.go:264.49,265.81 1 0
github.com/aiur-adept/sameriver/v7/GENERATED_efdsl_sig_assert_switches.go:266.53,267.85 1 0
github.com/aiur-adept/sameriver/v7/GENERATED_efdsl_sig_assert_switches.go:268.52,269.84 1 0
github.com/aiur-adept/sameriver/v7/GENERATED_efdsl_sig_assert_switches.go:270.54,271.86 1 0
github.com/aiur-adept/sameriver/v7/GENERATED_efdsl_sig_assert_switches.go:272.51,273.83 1 0
github.com/aiur-adept/sameriver/v7/GENERATED_efdsl_sig_assert_switches.go:274.53,275.85 1 0
github.com/aiur-adept/sameriver/v7/GENERATED_efdsl_sig_assert_switches.go:276.52,277.84 1 0
github.com/aiur-adept/sameriver/v7/GENERATED_efdsl_sig_assert_switches.go:278.51,279.83 1 0
github.com/aiur-adept/sameriver/v7/GENERATED_efdsl_sig_assert_switches.go:280.55,281.87 1 0
github.com/aiur-adept/sameriver/v7/GENERATED_efdsl_sig_assert_switches.go:282.54,283.86 1 0
github.com/aiur-adept/sameriver/v7/GENERATED_efdsl_sig_assert_switches.go:284.56,285.88 1 0
github.com/aiur-adept/sameriver/v7/GENERATED_efdsl_sig_assert_switches.go:286.53,287.85 1 0
github.com/aiur-adept/sameriver/v7/GENERATED_efdsl_sig_assert_switches.go:288.55,289.87 1 0
github.com/aiur-adept/sameriver/v7/GENERATED_efdsl_sig_assert_switches.go:290.49,291.81 1 0
github.com/aiur-adept/sameriver/v7/GENERATED_efdsl_sig_assert_switches.go:292.48,293.80 1 0
github.com/aiur-adept/sameriver/v7/GENERATED_efdsl_sig_assert_switches.go:294.52,295.84 1 0
github.com/aiur-adept/sameriver/v7/GENERATED_efdsl_sig_assert_switches.go:296.51,297.83 1 0
github.com/aiur-adept/sameriver/v7/GENERATED_efdsl_sig_assert_switches.go:298.53,299.85 1 0
github.com/aiur-adept/sameriver/v7/GENERATED_efdsl_sig_assert_switches.go:300.50,301.82 1 0
github.com/aiur-adept/sameriver/v7/GENERATED_efdsl_sig_assert_switches.go:302.52,303.84 1 0
github.com/aiur-adept/sameriver/v7/GENERATED_efdsl_sig_assert_switches.go:304.51,305.83 1 0
github.com/aiur-adept/sameriver/v7/GENERATED_efdsl_sig_assert_switches.go:306.50,307.82 1 0
github.com/aiur-adept/sameriver/v7/GENERATED_efdsl_sig_assert_switches.go:308.54,309.86 1 0
github.com/aiur-adept/sameriver/v7/GENERATED_efdsl_sig_assert_switches.go:310.53,311.85 1 0
github.com/aiur-adept/sameriver/v7/GENERATED_efdsl_sig_assert_switches.go:312.55,313.87 1 0
github.com/aiur-adept/sameriver/v7/GENERATED_efdsl_sig_assert_switches.go:314.52,315.84 1 0
github.com/aiur-adept/sameriver/v7/GENERATED_efdsl_sig_assert_switches.go:316.54,317.86 1 0
github.com/aiur-adept/sameriver/v7/GENERATED_efdsl_sig_assert_switches.go:318.52,319.84 1 0
github.com/aiur-adept/sameriver/v7/GENERATED_efdsl_sig_assert_switches.go:320.51,321.83 1 0
github.com/aiur-adept/sameriver/v7/GENERATED_efdsl_sig_assert_switches.go:322.55,323.87 1 0
github.com/aiur-adept/sameriver/v7/GENERATED_efdsl_sig_assert_switches.go:324.54,325.86 1 0
github.com/aiur-adept/sameriver/v7/GENERATED_efdsl_sig_assert_switches.go:326.56,327.88 1 0
github.com/aiur-adept/sameriver/v7/GENERATED_efdsl_sig_assert_switches.go:328.53,329.85 1 0
github.com/aiur-adept/sameriver/v7/GENERATED_efdsl_sig_assert_switches.go:330.55,331.87 1 0
github.com/aiur-adept/sameriver/v7/GENERATED_efdsl_sig_assert_switches.go:332.51,333.83 1 0
github.com/aiur-adept/sameriver/v7/GENERATED_efdsl_sig_assert_switches.go:334.50,335.82 1 0
github.com/aiur-adept/sameriver/v7/GENERATED_efdsl_sig_assert_switches.go:336.54,337.86 1 0
github.com/aiur-adept/sameriver/v7/GENERATED_efdsl_sig_assert_switches.go:338.53,339.85 1 0
github.com/aiur-adept/sameriver/v7/GENERATED_efdsl_sig_assert_switches.go:340.55,341.87 1 0
github.com/aiur-adept/sameriver/v7/GENERATED_efdsl_sig_assert_switches.go:342.52,343.84 1 0
github.com/aiur-adept/sameriver/v7/GENERATED_efdsl_sig_assert_switches.go:344.54,345.86 1 0
github.com/aiur-adept/sameriver/v7/GENERATED_efdsl_sig_assert_switches.go:346.55,347.87 1 0
github.com/aiur-adept/sameriver/v7/GENERATED_efdsl_sig_assert_switches.go:348.54,349.86 1 0
github.com/aiur-adept/sameriver/v7/GENERATED_efdsl_sig_assert_switches.go:350.58,351.90 1 0
github.com/aiur-adept/sameriver/v7/GENERATED_efdsl_sig_assert_switches.go:352.57,353.89 1 0
github.com/aiur-adept/sameriver/v7/GENERATED_efdsl_sig_assert_switches.go:354.59,355.91 1 0
github.com/aiur-adept/sameriver/v7/GENERATED_efdsl_sig_assert_switches.go:356.56,357.88 1 0
github.com/aiur-adept/sameriver/v7/GENERATED_efdsl_sig_assert_switches.go:358.58,359.90 1 0
github.com/aiur-adept/sameriver/v7/GENERATED_efdsl_sig_assert_switches.go:360.54,361.86 1 0
github.com/aiur-adept/sameriver/v7/GENERATED_efdsl_sig_assert_switches.go:362.53,363.85 1 0
github.com/aiur-adept/sameriver/v7/GENERATED_efdsl_sig_assert_switches.go:364.57,365.89 1 0
github.com/aiur-adept/sameriver/v7/GENERATED_efdsl_sig_assert_switches.go:366.56,367.88 1 0
github.com/aiur-adept/sameriver/v7/GENERATED_efdsl_sig_assert_switches.go:368.58,369.90 1 0
github.com/aiur-adept/sameriver/v7/GENERATED_efdsl_sig_assert_switches.go:370.55,371.87 1 0
github.com/aiur-adept/sameriver/v7/GENERATED_efdsl_sig_assert_switches.go:372.57,373.89 1 0
github.com/aiur-adept/sameriver/v7/GENERATED_efdsl_sig_assert_switches.go:374.56,375.88 1 0
github.com/aiur-adept/sameriver/v7/GENERATED_efdsl_sig_assert_switches.go:376.55,377.87 1 0
github.com/aiur-adept/sameriver/v7/GENERATED_efdsl_sig_assert_switches.go:378.59,379.91 1 0
github.com/aiur-adept/sameriver/v7/GENERATED_efdsl_sig_assert_switches.go:380.58,381.90 1 0
github.com/aiur-adept/sameriver/v7/GENERATED_efdsl_sig_assert_switches.go:382.60,383.92 1 0
github.com/aiur-adept/sameriver/v7/GENERATED_efdsl_sig_assert_switches.go:384.57,385.89 1 0
github.com/aiur-adept/sameriver/v7/GENERATED_efdsl_sig_assert_switches.go:386.59,387.91 1 0
github.com/aiur-adept/sameriver/v7/GENERATED_efdsl_sig_assert_switches.go:388.53,389.85 1 0
github.com/aiur-adept/sameriver/v7/GENERATED_efdsl_sig_assert_switches.go:390.52,391.84 1 0
github.com/aiur-adept/sameriver/v7/GENERATED_efdsl_sig_assert_switches.go:392.56,393.88 1 0
github.com/aiur-adept/sameriver/v7/GENERATED_efdsl_sig_assert_switches.go:394.55,395.87 1 0
github.com/aiur-adept/sameriver/v7/GENERATED_efdsl_sig_assert_switches.go:396.57,397.89 1 0
github.com/aiur-adept/sameriver/v7/GENERATED_efdsl_sig_assert_switches.go:398.54,399.86 1 0
github.com/aiur-adept/sameriver/v7/GENERATED_efdsl_sig_assert_switches.go:400.56,401.88 1 0
github.com/aiur-adept/sameriver/v7/GENERATED_efdsl_sig_assert_switches.go:402.55,403.87 1 0
github.com/aiur-adept/sameriver/v7/GENERATED_efdsl_sig_assert_switches.go:404.54,405.86 1 0
github.com/aiur-adept/sameriver/v7/GENERATED_efdsl_sig_assert_switches.go:406.58,407.90 1 0
github.com/aiur-adept/sameriver/v7/GENERATED_efdsl_sig_assert_switches.go:408.57,409.89 1 0
github.com/aiur-adept/sameriver/v7/GENERATED_efdsl_sig_assert_switches.go:410.59,411.91 1 0
github.com/aiur-adept/sameriver/v7/GENERATED_efdsl_sig_assert_switches.go:412.56,413.88 1 0
github.com/aiur-adept/sameriver/v7/GENERATED_efdsl_sig_assert_switches.go:414.58,415.90 1 0
github.com/aiur-adept/sameriver/v7/GENERATED_efdsl_sig_assert_switches.go:416.51,417.83 1 0
github.com/aiur-adept/sameriver/v7/GENERATED_efdsl_sig_assert_switches.go:418.50,419.82 1 0
github.com/aiur-adept/sameriver/v7/GENERATED_efdsl_sig_assert_switches.go:420.54,421.86 1 0
github.com/aiur-adept/sameriver/v7/GENERATED_efdsl_sig_assert_switches.go:422.53,423.85 1 0
github.com/aiur-adept/sameriver/v7/GENERATED_efdsl_sig_assert_switches.go:424.55,425.87 1 0
github.com/aiur-adept/sameriver/v7/GENERATED_efdsl_sig_assert_switches.go:426.52,427.84 1 0
github.com/aiur-adept/sameriver/v7/GENERATED_efdsl_sig_assert_switches.go:428.54,429.86 1 0
github.com/aiur-adept/sameriver/v7/GENERATED_efdsl_sig_assert_switches.go:430.50,431.82 1 0
github.com/aiur-adept/sameriver/v7/GENERATED_efdsl_sig_assert_switches.go:432.49,433.81 1 0
github.com/aiur-adept/sameriver/v7/GENERATED_efdsl_sig_assert_switches.go:434.53,435.85 1 0
github.com/aiur-adept/sameriver/v7/GENERATED_efdsl_sig_assert_switches.go:436.52,437.84 1 0
github.com/aiur-adept/sameriver/v7/GENERATED_efdsl_sig_assert_switches.go:438.54,439.86 1 0
github.com/aiur-adept/sameriver/v7/GENERATED_efdsl_sig_assert_switches.go:440.51,441.83 1 0
github.com/aiur-adept/sameriver/v7/GENERATED_efdsl_sig_assert_switches.go:442.53,443.85 1 0
github.com/aiur-adept/sameriver/v7/GENERATED_efdsl_sig_assert_switches.go:444.54,445.86 1 0
github.com/aiur-adept/sameriver/v7/GENERATED_efdsl_sig_assert_switches.go:446.53,447.85 1 0
github.com/aiur-adept/sameriver/v7/GENERATED_efdsl_sig_assert_switches.go:448.57,449.89 1 0
github.com/aiur-adept/sameriver/v7/GENERATED_efdsl_sig_assert_switches.go:450.56,451.88 1 0
github.com/aiur-adept/sameriver/v7/GENERATED_efdsl_sig_assert_switches.go:452.58,453.90 1 0
github.com/aiur-adept/sameriver/v7/GENERATED_efdsl_sig_assert_switches.go:454.55,455.87 1 0
github.com/aiur-adept/sameriver/v7/GENERATED_efdsl_sig_assert_switches.go:456.57,457.89 1 0
github.com/aiur-adept/sameriver/v7/GENERATED_efdsl_sig_assert_switches.go:458.53,459.85 1 0
github.com/aiur-adept/sameriver/v7/GENERATED_efdsl_sig_assert_switches.go:460.52,461.84 1 0
github.com/aiur-adept/sameriver/v7/GENERATED_efdsl_sig_assert_switches.go:462.56,463.88 1 0
github.com/aiur-adept/sameriver/v7/GENERATED_efdsl_sig_assert_switches.go:464.55,465.87 1 0
github.com/aiur-adept/sameriver/v7/GENERATED_efdsl_sig_assert_switches.go:466.57,467.89 1 0
github.com/aiur-adept/sameriver/v7/GENERATED_efdsl_sig_assert_switches.go:468.54,469.86 1 0
github.com/aiur-adept/sameriver/v7/GENERATED_efdsl_sig_assert_switches.go:470.56,471.88 1 0
github.com/aiur-adept/sameriver/v7/GENERATED_efdsl_sig_assert_switches.go:472.55,473.87 1 0
github.com/aiur-adept/sameriver/v7/GENERATED_efdsl_sig_assert_switches.go:474.54,475.86 1 0
github.com/aiur-adept/sameriver/v7/GENERATED_efdsl_sig_assert_switches.go:476.58,477.90 1 0
github.com/aiur-adept/sameriver/v7/GENERATED_efdsl_sig_assert_switches.go:478.57,479.89 1 0
github.com/aiur-adept/sameriver/v7/GENERATED_efdsl_sig_assert_switches.go:480.59,481.91 1 0
github.com/aiur-adept/sameriver/v7/GENERATED_efdsl_sig_assert_switches.go:482.56,483.88 1 0
github.com/aiur-adept/sameriver/v7/GENERATED_efdsl_sig_assert_switches.go:484.58,485.90 1 0
github.com/aiur-adept/sameriver/v7/GENERATED_efdsl_sig_assert_switches.go:486.52,487.84 1 0
github.com/aiur-adept/sameriver/v7/GENERATED_efdsl_sig_assert_switches.go:488.51,489.83 1 0
github.com/aiur-adept/sameriver/v7/GENERATED_efdsl_sig_assert_switches.go:490.55,491.87 1 0
github.com/aiur-adept/sameriver/v7/GENERATED_efdsl_sig_assert_switches.go:492.54,493.86 1 0
github.com/aiur-adept/sameriver/v7/GENERATED_efdsl_sig_assert_switches.go:494.56,495.88 1 0
github.com/aiur-adept/sameriver/v7/GENERATED_efdsl_sig_assert_switches.go:496.53,497.85 1 0
github.com/aiur-adept/sameriver/v7/GENERATED_efdsl_sig_assert_switches.go:498.55,499.87 1 0
github.com/aiur-adept/sameriver/v7/GENERATED_efdsl_sig_assert_switches.go:500.54,501.86 1 0
github.com/aiur-adept/sameriver/v7/GENERATED_efdsl_sig_assert_switches.go:502.53,503.85 1 0
github.com/aiur-adept/sameriver/v7/GENERATED_efdsl_sig_assert_switches.go:504.57,505.89 1 0
github.com/aiur-adept/sameriver/v7/GENERATED_efdsl_sig_assert_switches.go:506.56,507.88 1 0
github.com/aiur-adept/sameriver/v7/GENERATED_efdsl_sig_assert_switches.go:508.58,509.90 1 0
github.com/aiur-adept/sameriver/v7/GENERATED_efdsl_sig_assert_switches.go:510.55,511.87 1 0
github.com/aiur-adept/sameriver/v7/GENERATED_efdsl_sig_assert_switches.go:512.57,513.89 1 0
github.com/aiur-adept/sameriver/v7/GENERATED_efdsl_sig_assert_switches.go:514.53,515.85 1 0
github.com/aiur-adept/sameriver/v7/GENERATED_efdsl_sig_assert_switches.go:516.52,517.84 1 0
github.com/aiur-adept/sameriver/v7/GENERATED_efdsl_sig_assert_switches.go:518.56,519.88 1 0
github.com/aiur-adept/sameriver/v7/GENERATED_efdsl_sig_assert_switches.go:520.55,521.87 1 0
github.com/aiur-adept/sameriver/v7/GENERATED_efdsl_sig_assert_switches.go:522.57,523.89 1 0
github.com/aiur-adept/sameriver/v7/GENERATED_efdsl_sig_assert_switches.go:524.54,525.86 1 0
github.com/aiur-adept/sameriver/v7/GENERATED_efdsl_sig_assert_switches.go:526.56,527.88 1 0
github.com/aiur-adept/sameriver/v7/GENERATED_efdsl_sig_assert_switches.go:528.52,529.84 1 0
github.com/aiur-adept/sameriver/v7/GENERATED_efdsl_sig_assert_switches.go:530.51,531.83 1 0
github.com/aiur-adept/sameriver/v7/GENERATED_efdsl_sig_assert_switches.go:532.55,533.87 1 0
github.com/aiur-adept/sameriver/v7/GENERATED_efdsl_sig_assert_switches.go:534.54,535.86 1 0
github.com/aiur-adept/sameriver/v7/GENERATED_efdsl_sig_assert_switches.go:536.56,537.88 1 0
github.com/aiur-adept/sameriver/v7/GENERATED_efdsl_sig_assert_switches.go:538.53,539.85 1 0
github.com/aiur-adept/sameriver/v7/GENERATED_efdsl_sig_assert_switches.go:540.55,541.87 1 0
github.com/aiur-adept/sameriver/v7/GENERATED_efdsl_sig_assert_switches.go:542.56,543.88 1 0
github.com/aiur-adept/sameriver/v7/GENERATED_efdsl_sig_assert_switches.go:544.55,545.87 1 0
github.com/aiur-adept/sameriver/v7/GENERATED_efdsl_sig_assert_switches.go:546.59,547.91 1 0
github.com/aiur-adept/sameriver/v7/GENERATED_efdsl_sig_assert_switches.go:548.58,549.90 1 0
github.com/aiur-adept/sameriver/v7/GENERATED_efdsl_sig_assert_switches.go:550.60,551.92 1 0
github.com/aiur-adept/sameriver/v7/GENERATED_efdsl_sig_assert_switches.go:552.57,553.89 1 0
github.com/aiur-adept/sameriver/v7/GENERATED_efdsl_sig_assert_switches.go:554.59,555.91 1 0
github.com/aiur-adept/sameriver/v7/GENERATED_efdsl_sig_assert_switches.go:556.55,557.87 1 0
github.com/aiur-adept/sameriver/v7/GENERATED_efdsl_sig_assert_switches.go:558.54,559.86 1 0
github.com/aiur-adept/sameriver/v7/GENERATED_efdsl_sig_assert_switches.go:560.58,561.90 1 0
github.com/aiur-adept/sameriver/v7/GENERATED_efdsl_sig_assert_switches.go:562.57,563.89 1 0
github.com/aiur-adept/sameriver/v7/GENERATED_efdsl_sig_assert_switches.go:564.59,565.91 1 0
github.com/aiur-adept/sameriver/v7/GENERATED_efdsl_sig_assert_switches.go:566.56,567.88 1 0
github.com/aiur-adept/sameriver/v7/GENERATED_efdsl_sig_assert_switches.go:568.58,569.90 1 0
github.com/aiur-adept/sameriver/v7/GENERATED_efdsl_sig_assert_switches.go:570.57,571.89 1 0
github.com/aiur-adept/sameriver/v7/GENERATED_efdsl_sig_assert_switches.go:572.56,573.88 1 0
github.com/aiur-adept/sameriver/v7/GENERATED_efdsl_sig_assert_switches.go:574.60,575.92 1 0
github.com/aiur-adept/sameriver/v7/GENERATED_efdsl_sig_assert_switches.go:576.59,577.91 1 0
github.com/aiur-adept/sameriver/v7/GENERATED_efdsl_sig_assert_switches.go:578.61,579.93 1 0
github.com/aiur-adept/sameriver/v7/GENERATED_efdsl_sig_assert_switches.go:580.58,581.90 1 0
github.com/aiur-adept/sameriver/v7/GENERATED_efdsl_sig_assert_switches.go:582.60,583.92 1 0
github.com/aiur-adept/sameriver/v7/GENERATED_efdsl_sig_assert_switches.go:584.54,585.86 1 0
github.com/aiur-adept/sameriver/v7/GENERATED_efdsl_sig_assert_switches.go:586.53,587.85 1 0
github.com/aiur-adept/sameriver/v7/GENERATED_efdsl_sig_assert_switches.go:588.57,589.89 1 0
github.com/aiur-adept/sameriver/v7/GENERATED_efdsl_sig_assert_switches.go:590.56,591.88 1 0
github.com/aiur-adept/sameriver/v7/GENERATED_efdsl_sig_assert_switches.go:592.58,593.90 1 0
github.com/aiur-adept/sameriver/v7/GENERATED_efdsl_sig_assert_switches.go:594.55,595.87 1 0
github.com/aiur-adept/sameriver/v7/GENERATED_efdsl_sig_assert_switches.go:596.57,597.89 1 0
github.com/aiur-adept/sameriver/v7/GENERATED_efdsl_sig_assert_switches.go:598.56,599.88 1 0
github.com/aiur-adept/sameriver/v7/GENERATED_efdsl_sig_assert_switches.go:600.55,601.87 1 0
github.com/aiur-adept/sameriver/v7/GENERATED_efdsl_sig_assert_switches.go:602.59,603.91 1 0
github.com/aiur-adept/sameriver/v7/GENERATED_efdsl_sig_assert_switches.go:604.58,605.90 1 0
github.com/aiur-adept/sameriver/v7/GENERATED_efdsl_sig_assert_switches.go:606.60,607.92 1 0
github.com/aiur-adept/sameriver/v7/GENERATED_efdsl_sig_assert_switches.go:608.57,609.89 1 0
github.com/aiur-adept/sameriver/v7/GENERATED_efdsl_sig_assert_switches.go:610.59,611.91 1 0
github.com/aiur-adept/sameriver/v7/GENERATED_efdsl_sig_assert_switches.go:612.50,613.82 1 0
github.com/aiur-adept/sameriver/v7/GENERATED_efdsl_sig_assert_switches.go:614.49,615.81 1 0
github.com/aiur-adept/sameriver/v7/GENERATED_efdsl_sig_assert_switches.go:616.53,617.85 1 0
github.com/aiur-adept/sameriver/v7/GENERATED_efdsl_sig_assert_switches.go:618.52,619.84 1 0
github.com/aiur-adept/sameriver/v7/GENERATED_efdsl_sig_assert_switches.go:620.54,621.86 1 0
github.com/aiur-adept/sameriver/v7/GENERATED_efdsl_sig_assert_switches.go:622.51,623.83 1 0
github.com/aiur-adept/sameriver/v7/GENERATED_efdsl_sig_assert_switches.go:624.53,625.85 1 0
github.com/aiur-adept/sameriver/v7/GENERATED_efdsl_sig_assert_switches.go:626.49,627.81 1 0
github.com/aiur-adept/sameriver/v7/GENERATED_efdsl_sig_assert_switches.go:628.48,629.80 1 0
github.com/aiur-adept/sameriver/v7/GENERATED_efdsl_sig_assert_switches.go:630.52,631.84 1 0
github.com/aiur-adept/sameriver/v7/GENERATED_efdsl_sig_assert_switches.go:632.51,633.83 1 0
github.com/aiur-adept/sameriver/v7/GENERATED_efdsl_sig_assert_switches.go:634.53,635.85 1 0
github.com/aiur-adept/sameriver/v7/GENERATED_efdsl_sig_assert_switches.go:636.50,637.82 1 0
github.com/aiur-adept/sameriver/v7/GENERATED_efdsl_sig_assert_switches.go:638.52,639.84 1 0
github.com/aiur-adept/sameriver/v7/GENERATED_efdsl_sig_assert_switches.go:640.53,641.85 1 0
github.com/aiur-adept/sameriver/v7/GENERATED_efdsl_sig_assert_switches.go:642.52,643.84 1 0
github.com/aiur-adept/sameriver/v7/GENERATED_efdsl_sig_assert_switches.go:644.56,645.88 1 0
github.com/aiur-adept/sameriver/v7/GENERATED_efdsl_sig_assert_switches.go:646.55,647.87 1 0
github.com/aiur-adept/sameriver/v7/GENERATED_efdsl_sig_assert_switches.go:648.57,649.89 1 0
github.com/aiur-adept/sameriver/v7/GENERATED_efdsl_sig_assert_switches.go:650.54,651.86 1 0
github.com/aiur-adept/sameriver/v7/GENERATED_efdsl_sig_assert_switches.go:652.56,653.88 1 0
github.com/aiur-adept/sameriver/v7/GENERATED_efdsl_sig_assert_switches.go:654.52,655.84 1 0
github.com/aiur-adept/sameriver/v7/GENERATED_efdsl_sig_assert_switches.go:656.51,657.83 1 0
github.com/aiur-adept/sameriver/v7/GENERATED_efdsl_sig_assert_switches.go:658.55,659.87 1 0
github.com/aiur-adept/sameriver/v7/GENERATED_efdsl_sig_assert_switches.go:660.54,661.86 1 0
github.com/aiur-adept/sameriver/v7/GENERATED_efdsl_sig_assert_switches.go:662.56,663.88 1 0
github.com/aiur-adept/sameriver/v7/GENERATED_efdsl_sig_assert_switches.go:664.53,665.85 1 0
github.com/aiur-adept/sameriver/v7/GENERATED_efdsl_sig_assert_switches.go:666.55,667.87 1 0
github.com/aiur-adept/sameriver/v7/GENERATED_efdsl_sig_assert_switches.go:668.54,669.86 1 0
github.com/aiur-adept/sameriver/v7/GENERATED_efdsl_sig_assert_switches.go:670.53,671.85 1 0
github.com/aiur-adept/sameriver/v7/GENERATED_efdsl_sig_assert_switches.go:672.57,673.89 1 0
github.com/aiur-adept/sameriver/v7/GENERATED_efdsl_sig_assert_switches.go:674.56,675.88 1 0
github.com/aiur-adept/sameriver/v7/GENERATED_efdsl_sig_assert_switches.go:676.58,677.90 1 0
github.com/aiur-adept/sameriver/v7/GENERATED_efdsl_sig_assert_switches.go:678.55,679.87 1 0
github.com/aiur-adept/sameriver/v7/GENERATED_efdsl_sig_assert_switches.go:680.57,681.89 1 0
github.com/aiur-adept/sameriver/v7/GENERATED_efdsl_sig_assert_switches.go:682.51,683.83 1 0
github.com/aiur-adept/sameriver/v7/GENERATED_efdsl_sig_assert_switches.go:684.50,685.82 1 0
github.com/aiur-adept/sameriver/v7/GENERATED_efdsl_sig_assert_switches.go:686.54,687.86 1 0
github.com/aiur-adept/sameriver/v7/GENERATED_efdsl_sig_assert_switches.go:688.53,689.85 1 0
github.com/aiur-adept/sameriver/v7/GENERATED_efdsl_sig_assert_switches.go:690.55,691.87 1 0
github.com/aiur-adept/sameriver/v7/GENERATED_efdsl_sig_assert_switches.go:692.52,693.84 1 0
github.com/aiur-adept/sameriver/v7/GENERATED_efdsl_sig_assert_switches.go:694.54,695.86 1 0
github.com/aiur-adept/sameriver/v7/GENERATED_efdsl_sig_assert_switches.go:696.53,697.85 1 0
github.com/aiur-adept/sameriver/v7/GENERATED_efdsl_sig_assert_switches.go:698.52,699.84 1 0
github.com/aiur-adept/sameriver/v7/GENERATED_efdsl_sig_assert_switches.go:700.56,701.88 1 0
github.com/aiur-adept/sameriver/v7/GENERATED_efdsl_sig_assert_switches.go:702.55,703.87 1 0
github.com/aiur-adept/sameriver/v7/GENERATED_efdsl_sig_assert_switches.go:704.57,705.89 1 0
github.com/aiur-adept/sameriver/v7/GENERATED_efdsl_sig_assert_switches.go:706.54,707.86 1 0
github.com/aiur-adept/sameriver/v7/GENERATED_efdsl_sig_assert_switches.go:708.56,709.88 1 0
github.com/aiur-adept/sameriver/v7/GENERATED_efdsl_sig_assert_switches.go:710.52,711.84 1 0
github.com/aiur-adept/sameriver/v7/GENERATED_efdsl_sig_assert_switches.go:712.51,713.83 1 0
github.com/aiur-adept/sameriver/v7/GENERATED_efdsl_sig_assert_switches.go:714.55,715.87 1 0
github.com/aiur-adept/sameriver/v7/GENERATED_efdsl_sig_assert_switches.go:716.54,717.86 1 0
github.com/aiur-adept/sameriver/v7/GENERATED_efdsl_sig_assert_switches.go:718.56,719.88 1 0
github.com/aiur-adept/sameriver/v7/GENERATED_efdsl_sig_assert_switches.go:720.53,721.85 1 0
github.com/aiur-adept/sameriver/v7/GENERATED_efdsl_sig_assert_switches.go:722.55,723.87 1 0
github.com/aiur-adept/sameriver/v7/GENERATED_efdsl_sig_assert_switches.go:724.51,725.83 1 0
github.com/aiur-adept/sameriver/v7/GENERATED_efdsl_sig_assert_switches.go:726.50,727.82 1 0
github.com/aiur-adept/sameriver/v7/GENERATED_efdsl_sig_assert_switches.go:728.54,729.86 1 0
github.com/aiur-adept/sameriver/v7/GENERATED_efdsl_sig_assert_switches.go:730.53,731.85 1 0
github.com/aiur-adept/sameriver/v7/GENERATED_efdsl_sig_assert_switches.go:732.55,733.87 1 0
github.com/aiur-adept/sameriver/v7/GENERATED_efdsl_sig_assert_switches.go:734.52,735.84 1 0
github.com/aiur-adept/sameriver/v7/GENERATED_efdsl_sig_assert_switches.go:736.54,737.86 1 0
github.com/aiur-adept/sameriver/v7/GENERATED_efdsl_sig_assert_switches.go:738.55,739.87 1 0
github.com/aiur-adept/sameriver/v7/GENERATED_efdsl_sig_assert_switches.go:740.54,741.86 1 0
github.com/aiur-adept/sameriver/v7/GENERATED_efdsl_sig_assert_switches.go:742.58,743.90 1 0
github.com/aiur-adept/sameriver/v7/GENERATED_efdsl_sig_assert_switches.go:744.57,745.89 1 0
github.com/aiur-adept/sameriver/v7/GENERATED_efdsl_sig_assert_switches.go:746.59,747.91 1 0
github.com/aiur-adept/sameriver/v7/GENERATED_efdsl_sig_assert_switches.go:748.56,749.88 1 0
github.com/aiur-adept/sameriver/v7/GENERATED_efdsl_sig_assert_switches.go:750.58,751.90 1 0
github.com/aiur-adept/sameriver/v7/GENERATED_efdsl_sig_assert_switches.go:752.54,753.86 1 0
github.com/aiur-adept/sameriver/v7/GENERATED_efdsl_sig_assert_switches.go:754.53,755.85 1 0
github.com/aiur-adept/sameriver/v7/GENERATED_efdsl_sig_assert_switches.go:756.57,757.89 1 0
github.com/aiur-adept/sameriver/v7/GENERATED_efdsl_sig_assert_switches.go:758.56,759.88 1 0
github.com/aiur-adept/sameriver/v7/GENERATED_efdsl_sig_assert_switches.go:760.58,761.90 1 0
github.com/aiur-adept/sameriver/v7/GENERATED_efdsl_sig_assert_switches.go:762.55,763.87 1 0
github.com/aiur-adept/sameriver/v7/GENERATED_efdsl_sig_assert_switches.go:764.57,765.89 1 0
github.com/aiur-adept/sameriver/v7/GENERATED_efdsl_sig_assert_switches.go:766.56,767.88 1 0
github.com/aiur-adept/sameriver/v7/GENERATED_efdsl_sig_assert_switches.go:768.55,769.87 1 0
github.com/aiur-adept/sameriver/v7/GENERATED_efdsl_sig_assert_switches.go:770.59,771.91 1 0
github.com/aiur-adept/sameriver/v7/GENERATED_efdsl_sig_assert_switches.go:772.58,773.90 1 0
github.com/aiur-adept/sameriver/v7/GENERATED_efdsl_sig_assert_switches.go:774.60,775.92 1 0
github.com/aiur-adept/sameriver/v7/GENERATED_efdsl_sig_assert_switches.go:776.57,777.89 1 0
github.com/aiur-adept/sameriver/v7/GENERATED_efdsl_sig_assert_switches.go:778.59,779.91 1 0
github.com/aiur-adept/sameriver/v7/GENERATED_efdsl_sig_assert_switches.go:780.53,781.85 1 0
github.com/aiur-adept/sameriver/v7/GENERATED_efdsl_sig_assert_switches.go:782.52,783.84 1 0
github.com/aiur-adept/sameriver/v7/GENERATED_efdsl_sig_assert_switches.go:784.56,785.88 1 0
github.com/aiur-adept/sameriver/v7/GENERATED_efdsl_sig_assert_switches.go:786.55,787.87 1 0
github.com/aiur-adept/sameriver/v7/GENERATED_efdsl_sig_assert_switches.go:788.57,789.89 1 0
github.com/aiur-adept/sameriver/v7/GENERATED_efdsl_sig_assert_switches.go:790.54,791.86 1 0
github.com/aiur-adept/sameriver/v7/GENERATED_efdsl_sig_assert_switches.go:792.56,793.88 1 0
github.com/aiur-adept/sameriver/v7/GENERATED_efdsl_sig_assert_switches.go:794.55,795.87 1 0
github.com/aiur-adept/sameriver/v7/GENERATED_efdsl_sig_assert_switches.go:796.54,797.86 1 0
github.com/aiur-adept/sameriver/v7/GENERATED_efdsl_sig_assert_switches.go:798.58,799.90 1 0
github.com/aiur-adept/sameriver/v7/GENERATED_efdsl_sig_assert_switches.go:800.57,801.89 1 0
github.com/aiur-adept/sameriver/v7/GENERATED_efdsl_sig_assert_switches.go:802.59,803.91 1 0
github.com/aiur-adept/sameriver/v7/GENERATED_efdsl_sig_assert_switches.go:804.56,805.88 1 0
github.com/aiur-adept/sameriver/v7/GENERATED_efdsl_sig_assert_switches.go:806.58,807.90 1 0
github.com/aiur-adept/sameriver/v7/GENERATED_efdsl_sig_assert_switches.go:808.10,809.137 1 0
github.com/aiur-adept/sameriver/v7/GENERATED_efdsl_sig_assert_switches.go:812.2,812.15 1 1
github.com/aiur-adept/sameriver/v7/GENERATED_efdsl_sig_assert_switches.go:815.114,817.28 2 0
github.com/aiur-adept/sameriver/v7/GENERATED_efdsl_sig_assert_switches.go:818.56,819.39 1 0
github.com/aiur-adept/sameriver/v7/GENERATED_efdsl_sig_assert_switches.go:820.55,821.38 1 0
github.com/aiur-adept/sameriver/v7/GENERATED_efdsl_sig_assert_switches.go:822.59,823.42 1 0
github.com/aiur-adept/sameriver/v7/GENERATED_efdsl_sig_assert_switches.go:824.58,825.41 1 0
github.com/aiur-adept/sameriver/v7/GENERATED_efdsl_sig_assert_switches.go:826.60,827.43 1 0
github.com/aiur-adept/sameriver/v7/GENERATED_efdsl_sig_assert_switches.go:828.57,829.40 1 0
github.com/aiur-adept/sameriver/v7/GENERATED_efdsl_sig_assert_switches.go:830.59,831.42 1 0
github.com/aiur-adept/sameriver/v7/GENERATED_efdsl_sig_assert_switches.go:832.62,833.60 1 0
github.com/aiur-adept/sameriver/v7/GENERATED_efdsl_sig_assert_switches.go:834.61,835.59 1 0
github.com/aiur-adept/sameriver/v7/GENERATED_efdsl_sig_assert_switches.go:836.65,837.63 1 0
github.com/aiur-adept/sameriver/v7/GENERATED_efdsl_sig_assert_switches.go:838.64,839.62 1 0
github.com/aiur-adept/sameriver/v7/GENERATED_efdsl_sig_assert_switches.go:840.66,841.64 1 0
github.com/aiur-adept/sameriver/v7/GENERATED_efdsl_sig_assert_switches.go:842.63,843.61 1 0
github.com/aiur-adept/sameriver/v7/GENERATED_efdsl_sig_assert_switches.go:844.65,845.63 1 0
github.com/aiur-adept/sameriver/v7/GENERATED_efdsl_sig_assert_switches.go:846.61,847.59 1 0
github.com/aiur-adept/sameriver/v7/GENERATED_efdsl_sig_assert_switches.go:848.60,849.58 1 0
github.com/aiur-adept/sameriver/v7/GENERATED_efdsl_sig_assert_switches.go:850.64,851.62 1 0
github.com/aiur-adept/sameriver/v7/GENERATED_efdsl_sig_assert_switches.go:852.63,853.61 1 0
github.com/aiur-adept/sameriver/v7/GENERATED_efdsl_sig_assert_switches.go:854.65,855.63 1 0
github.com/aiur-adept/sameriver/v7/GENERATED_efdsl_sig_assert_switches.go:856.62,857.60 1 0
github.com/aiur-adept/sameriver/v7/GENERATED_efdsl_sig_assert_switches.go:858.64,859.62 1 0
github.com/aiur-adept/sameriver/v7/GENERATED_efdsl_sig_assert_switches.go:860.65,861.63 1 0
github.com/aiur-adept/sameriver/v7/GENERATED_efdsl_sig_assert_switches.go:862.64,863.62 1 0
github.com/aiur-adept/sameriver/v7/GENERATED_efdsl_sig_assert_switches.go:864.68,865.66 1 0
github.com/aiur-adept/sameriver/v7/GENERATED_efdsl_sig_assert_switches.go:866.67,867.65 1 0
github.com/aiur-adept/sameriver/v7/GENERATED_efdsl_sig_assert_switches.go:868.69,869.67 1 0
github.com/aiur-adept/sameriver/v7/GENERATED_efdsl_sig_assert_switches.go:870.66,871.64 1 0
github.com/aiur-adept/sameriver/v7/GENERATED_efdsl_sig_assert_switches.go:872.68,873.66 1 0
github.com/aiur-adept/sameriver/v7/GENERATED_efdsl_sig_assert_switches.go:874.64,875.62 1 0
github.com/aiur-adept/sameriver/v7/GENERATED_efdsl_sig_assert_switches.go:876.63,877.61 1 0
github.com/aiur-adept/sameriver/v7/GENERATED_efdsl_sig_assert_switches.go:878.67,879.65 1 0
github.com/aiur-adept/sameriver/v7/GENERATED_efdsl_sig_assert_switches.go:880.66,881.64 1 0
github.com/aiur-adept/sameriver/v7/GENERATED_efdsl_sig_assert_switches.go:882.68,883.66 1 0
github.com/aiur-adept/sameriver/v7/GENERATED_efdsl_sig_assert_switches.go:884.65,885.63 1 0
github.com/aiur-adept/sameriver/v7/GENERATED_efdsl_sig_assert_switches.go:886.67,887.65 1 0
github.com/aiur-adept/sameriver/v7/GENERATED_efdsl_sig_assert_switches.go:888.66,889.64 1 0
github.com/aiur-adept/sameriver/v7/GENERATED_efdsl_sig_assert_switches.go:890.65,891.63 1 0
github.com/aiur-adept/sameriver/v7/GENERATED_efdsl_sig_assert_switches.go:892.69,893.67 1 0
github.com/aiur-adept/sameriver/v7/GENERATED_efdsl_sig_assert_switches.go:894.68,895.66 1 0
github.com/aiur-adept/sameriver/v7/GENERATED_efdsl_sig_assert_switches.go:896.70,897.68 1 0
github.com/aiur-adept/sameriver/v7/GENERATED_efdsl_sig_assert_switches.go:898.67,899.65 1 0
github.com/aiur-adept/sameriver/v7/GENERATED_efdsl_sig_assert_switches.go:900.69,901.67 1 0
github.com/aiur-adept/sameriver/v7/GENERATED_efdsl_sig_assert_switches.go:902.63,903.61 1 0
github.com/aiur-adept/sameriver/v7/GENERATED_efdsl_sig_assert_switches.go:904.62,905.60 1 0
github.com/aiur-adept/sameriver/v7/GENERATED_efdsl_sig_assert_switches.go:906.66,907.64 1 0
github.com/aiur-adept/sameriver/v7/GENERATED_efdsl_sig_assert_switches.go:908.65,909.63 1 0
github.com/aiur-adept/sameriver/v7/GENERATED_efdsl_sig_assert_switches.go:910.67,911.65 1 0
github.com/aiur-adept/sameriver/v7/GENERATED_efdsl_sig_assert_switches.go:912.64,913.62 1 0
github.com/aiur-adept/sameriver/v7/GENERATED_efdsl_sig_assert_switches.go:914.66,915.64 1 0
github.com/aiur-adept/sameriver/v7/GENERATED_efdsl_sig_assert_switches.go:916.65,917.63 1 0
github.com/aiur-adept/sameriver/v7/GENERATED_efdsl_sig_assert_switches.go:918.64,919.62 1 0
github.com/aiur-adept/sameriver/v7/GENERATED_efdsl_sig_assert_switches.go:920.68,921.66 1 0
github.com/aiur-adept/sameriver/v7/GENERATED_efdsl_sig_assert_switches.go:922.67,923.65 1 0
github.com/aiur-adept/sameriver/v7/GENERATED_efdsl_sig_assert_switches.go:924.69,925.67 1 0
github.com/aiur-adept/sameriver/v7/GENERATED_efdsl_sig_assert_switches.go:926.66,927.64 1 0
github.com/aiur-adept/sameriver/v7/GENERATED_efdsl_sig_assert_switches.go:928.68,929.66 1 0
github.com/aiur-adept/sameriver/v7/GENERATED_efdsl_sig_assert_switches.go:930.68,931.81 1 0
github.com/aiur-adept/sameriver/v7/GENERATED_efdsl_sig_assert_switches.go:932.67,933.80 1 0
github.com/aiur-adept/sameriver/v7/GENERATED_efdsl_sig_assert_switches.go:934.71,935.84 1 0
github.com/aiur-adept/sameriver/v7/GENERATED_efdsl_sig_assert_switches.go:936.70,937.83 1 0
github.com/aiur-adept/sameriver/v7/GENERATED_efdsl_sig_assert_switches.go:938.72,939.85 1 0
github.com/aiur-adept/sameriver/v7/GENERATED_efdsl_sig_assert_switches.go:940.69,941.82 1 0
github.com/aiur-adept/sameriver/v7/GENERATED_efdsl_sig_assert_switches.go:942.71,943.84 1 0
github.com/aiur-adept/sameriver/v7/GENERATED_efdsl_sig_assert_switches.go:944.67,945.80 1 0
github.com/aiur-adept/sameriver/v7/GENERATED_efdsl_sig_assert_switches.go:946.66,947.79 1 0
github.com/aiur-adept/sameriver/v7/GENERATED_efdsl_sig_assert_switches.go:948.70,949.83 1 0
github.com/aiur-adept/sameriver/v7/GENERATED_efdsl_sig_assert_switches.go:950.69,951.82 1 0
github.com/aiur-adept/sameriver/v7/GENERATED_efdsl_sig_assert_switches.go:952.71,953.84 1 0
github.com/aiur-adept/sameriver/v7/GENERATED_efdsl_sig_assert_switches.go:954.68,955.81 1 0
github.com/aiur-adept/sameriver/v7/GENERATED_efdsl_sig_assert_switches.go:956.70,957.83 1 0
github.com/aiur-adept/sameriver/v7/GENERATED_efdsl_sig_assert_switches.go:958.71,959.84 1 0
github.com/aiur-adept/sameriver/v7/GENERATED_efdsl_sig_assert_switches.go:960.70,961.83 1 0
github.com/aiur-adept/sameriver/v7/GENERATED_efdsl_sig_assert_switches.go:962.74,963.87 1 0
github.com/aiur-adept/sameriver/v7/GENERATED_efdsl_sig_assert_switches.go:964.73,965.86 1 0
github.com/aiur-adept/sameriver/v7/GENERATED_efdsl_sig_assert_switches.go:966.75,967.88 1 0
github.com/aiur-adept/sameriver/v7/GENERATED_efdsl_sig_assert_switches.go:968.72,969.85 1 0
github.com/aiur-adept/sameriver/v7/GENERATED_efdsl_sig_assert_switches.go:970.74,971.87 1 0
github.com/aiur-adept/sameriver/v7/GENERATED_efdsl_sig_assert_switches.go:972.70,973.83 1 0
github.com/aiur-adept/sameriver/v7/GENERATED_efdsl_sig_assert_switches.go:974.69,975.82 1 0
github.com/aiur-adept/sameriver/v7/GENERATED_efdsl_sig_assert_switches.go:976.73,977.86 1 0
github.com/aiur-adept/sameriver/v7/GENERATED_efdsl_sig_assert_switches.go:978.72,979.85 1 0
github.com/aiur-adept/sameriver/v7/GENERATED_efdsl_sig_assert_switches.go:980.74,981.87 1 0
github.com/aiur-adept/sameriver/v7/GENERATED_efdsl_sig_assert_switches.go:982.71,983.84 1 0
github.com/aiur-adept/sameriver/v7/GENERATED_efdsl_sig_assert_switches.go:984.73,985.86 1 0
github.com/aiur-adept/sameriver/v7/GENERATED_efdsl_sig_assert_switches.go:986.72,987.85 1 0
github.com/aiur-adept/sameriver/v7/GENERATED_efdsl_sig_assert_switches.go:988.71,989.84 1 0
github.com/aiur-adept/sameriver/v7/GENERATED_efdsl_sig_assert_switches.go:990.75,991.88 1 0
github.com/aiur-adept/sameriver/v7/GENERATED_efdsl_sig_assert_switches.go:992.74,993.87 1 0
github.com/aiur-adept/sameriver/v7/GENERATED_efdsl_sig_assert_switches.go:994.76,995.89 1 0
github.com/aiur-adept/sameriver/v7/GENERATED_efdsl_sig_assert_switches.go:996.73,997.86 1 0
github.com/aiur-adept/sameriver/v7/GENERATED_efdsl_sig_assert_switches.go:998.75,999.88 1 0
github.com/aiur-adept/sameriver/v7/GENERATED_efdsl_sig_assert_switches.go:1000.69,1001.82 1 0
github.com/aiur-adept/sameriver/v7/GENERATED_efdsl_sig_assert_switches.go:1002.68,1003.81 1 0
github.com/aiur-adept/sameriver/v7/GENERATED_efdsl_sig_assert_switches.go:1004.72,1005.85 1 0
github.com/aiur-adept/sameriver/v7/GENERATED_efdsl_sig_assert_switches.go:1006.71,1007.84 1 0
github.com/aiur-adept/sameriver/v7/GENERATED_efdsl_sig_assert_switches.go:1008.73,1009.86 1 0
github.com/aiur-adept/sameriver/v7/GENERATED_efdsl_sig_assert_switches.go:1010.70,1011.83 1 0
github.com/aiur-adept/sameriver/v7/GENERATED_efdsl_sig_assert_switches.go:1012.72,1013.85 1 0
github.com/aiur-adept/sameriver/v7/GENERATED_efdsl_sig_assert_switches.go:1014.71,1015.84 1 0
github.com/aiur-adept/sameriver/v7/GENERATED_efdsl_sig_assert_switches.go:1016.70,1017.83 1 0
github.com/aiur-adept/sameriver/v7/GENERATED_efdsl_sig_assert_switches.go:1018.74,1019.87 1 0
github.com/aiur-adept/sameriver/v7/GENERATED_efdsl_sig_assert_switches.go:1020.73,1021.86 1 0
github.com/aiur-adept/sameriver/v7/GENERATED_efdsl_sig_assert_switches.go:1022.75,1023.88 1 0
github.com/aiur-adept/sameriver/v7/GENERATED_efdsl_sig_assert_switches.go:1024.72,1025.85 1 0
github.com/aiur-adept/sameriver/v7/GENERATED_efdsl_sig_assert_switches.go:1026.74,1027.87 1 0
github.com/aiur-adept/sameriver/v7/GENERATED_efdsl_sig_assert_switches.go:1028.67,1029.80 1 0
github.com/aiur-adept/sameriver/v7/GENERATED_efdsl_sig_assert_switches.go:1030.66,1031.79 1 0
github.com/aiur-adept/sameriver/v7/GENERATED_efdsl_sig_assert_switches.go:1032.70,1033.83 1 0
github.com/aiur-adept/sameriver/v7/GENERATED_efdsl_sig_assert_switches.go:1034.69,1035.82 1 0
github.com/aiur-adept/sameriver/v7/GENERATED_efdsl_sig_assert_switches.go:1036.71,1037.84 1 0
github.com/aiur-adept/sameriver/v7/GENERATED_efdsl_sig_assert_switches.go:1038.68,1039.81 1 0
github.com/aiur-adept/sameriver/v7/GENERATED_efdsl_sig_assert_switches.go:1040.70,1041.83 1 0
github.com/aiur-adept/sameriver/v7/GENERATED_efdsl_sig_assert_switches.go:1042.66,1043.79 1 0
github.com/aiur-adept/sameriver/v7/GENERATED_efdsl_sig_assert_switches.go:1044.65,1045.78 1 0
github.com/aiur-adept/sameriver/v7/GENERATED_efdsl_sig_assert_switches.go:1046.69,1047.82 1 0
github.com/aiur-adept/sameriver/v7/GENERATED_efdsl_sig_assert_switches.go:1048.68,1049.81 1 0
github.com/aiur-adept/sameriver/v7/GENERATED_efdsl_sig_assert_switches.go:1050.70,1051.83 1 0
github.com/aiur-adept/sameriver/v7/GENERATED_efdsl_sig_assert_switches.go:1052.67,1053.80 1 0
github.com/aiur-adept/sameriver/v7/GENERATED_efdsl_sig_assert_switches.go:1054.69,1055.82 1 0
github.com/aiur-adept/sameriver/v7/GENERATED_efdsl_sig_assert_switches.go:1056.70,1057.83 1 0
github.com/aiur-adept/sameriver/v7/GENERATED_efdsl_sig_assert_switches.go:1058.69,1059.82 1 0
github.com/aiur-adept/sameriver/v7/GENERATED_efdsl_sig_assert_switches.go:1060.73,1061.86 1 0
github.com/aiur-adept/sameriver/v7/GENERATED_efdsl_sig_assert_switches.go:1062.72,1063.85 1 0
github.com/aiur-adept/sameriver/v7/GENERATED_efdsl_sig_assert_switches.go:1064.74,1065.87 1 0
github.com/aiur-adept/sameriver/v7/GENERATED_efdsl_sig_assert_switches.go:1066.71,1067.84 1 0
github.com/aiur-adept/sameriver/v7/GENERATED_efdsl_sig_assert_switches.go:1068.73,1069.86 1 0
github.com/aiur-adept/sameriver/v7/GENERATED_efdsl_sig_assert_switches.go:1070.69,1071.82 1 0
github.com/aiur-adept/sameriver/v7/GENERATED_efdsl_sig_assert_switches.go:1072.68,1073.81 1 0
github.com/aiur-adept/sameriver/v7/GENERATED_efdsl_sig_assert_switches.go:1074.72,1075.85 1 0
github.com/aiur-adept/sameriver/v7/GENERATED_efdsl_sig_assert_switches.go:1076.71,1077.84 1 0
github.com/aiur-adept/sameriver/v7/GENERATED_efdsl_sig_assert_switches.go:1078.73,1079.86 1 0
github.com/aiur-adept/sameriver/v7/GENERATED_efdsl_sig_assert_switches.go:1080.70,1081.83 1 0
github.com/aiur-adept/sameriver/v7/GENERATED_efdsl_sig_assert_switches.go:1082.72,1083.85 1 0
github.com/aiur-adept/sameriver/v7/GENERATED_efdsl_sig_assert_switches.go:1084.71,1085.84 1 0
github.com/aiur-adept/sameriver/v7/GENERATED_efdsl_sig_assert_switches.go:1086.70,1087.83 1 0
github.com/aiur-adept/sameriver/v7/GENERATED_efdsl_sig_assert_switches.go:1088.74,1089.87 1 0
github.com/aiur-adept/sameriver/v7/GENERATED_efdsl_sig_assert_switches.go:1090.73,1091.86 1 0
github.com/aiur-adept/sameriver/v7/GENERATED_efdsl_sig_assert_switches.go:1092.75,1093.88 1 0
github.com/aiur-adept/sameriver/v7/GENERATED_efdsl_sig_assert_switches.go:1094.72,1095.85 1 0
github.com/aiur-adept/sameriver/v7/GENERATED_efdsl_sig_assert_switches.go:1096.74,1097.87 1 0
github.com/aiur-adept/sameriver/v7/GENERATED_efdsl_sig_assert_switches.go:1098.68,1099.81 1 0
github.com/aiur-adept/sameriver/v7/GENERATED_efdsl_sig_assert_switches.go:1100.67,1101.80 1 0
github.com/aiur-adept/sameriver/v7/GENERATED_efdsl_sig_assert_switches.go:1102.71,1103.84 1 0
github.com/aiur-adept/sameriver/v7/GENERATED_efdsl_sig_assert_switches.go:1104.70,1105.83 1 0
github.com/aiur-adept/sameriver/v7/GENERATED_efdsl_sig_assert_switches.go:1106.72,1107.85 1 0
github.com/aiur-adept/sameriver/v7/GENERATED_efdsl_sig_assert_switches.go:1108.69,1109.82 1 0
github.com/aiur-adept/sameriver/v7/GENERATED_efdsl_sig_assert_switches.go:1110.71,1111.84 1 0
github.com/aiur-adept/sameriver/v7/GENERATED_efdsl_sig_assert_switches.go:1112.70,1113.83 1 0
github.com/aiur-adept/sameriver/v7/GENERATED_efdsl_sig_assert_switches.go:1114.69,1115.82 1 0
github.com/aiur-adept/sameriver/v7/GENERATED_efdsl_sig_assert_switches.go:1116.73,1117.86 1 0
github.com/aiur-adept/sameriver/v7/GENERATED_efdsl_sig_assert_switches.go:1118.72,1119.85 1 0
github.com/aiur-adept/sameriver/v7/GENERATED_efdsl_sig_assert_switches.go:1120.74,1121.87 1 0
github.com/aiur-adept/sameriver/v7/GENERATED_efdsl_sig_assert_switches.go:1122.71,1123.84 1 0
github.com/aiur-adept/sameriver/v7/GENERATED_efdsl_sig_assert_switches.go:1124.73,1125.86 1 0
github.com/aiur-adept/sameriver/v7/GENERATED_efdsl_sig_assert_switches.go:1126.71,1127.84 1 0
github.com/aiur-adept/sameriver/v7/GENERATED_efdsl_sig_assert_switches.go:1128.70,1129.83 1 0
github.com/aiur-adept/sameriver/v7/GENERATED_efdsl_sig_assert_switches.go:1130.74,1131.87 1 0
github.com/aiur-adept/sameriver/v7/GENERATED_efdsl_sig_assert_switches.go:1132.73,1133.86 1 0
github.com/aiur-adept/sameriver/v7/GENERATED_efdsl_sig_assert_switches.go:1134.75,1135.88 1 0
github.com/aiur-adept/sameriver/v7/GENERATED_efdsl_sig_assert_switches.go:1136.72,1137.85 1 0
github.com/aiur-adept/sameriver/v7/GENERATED_efdsl_sig_assert_switches.go:1138.74,1139.87 1 0
github.com/aiur-adept/sameriver/v7/GENERATED_efdsl_sig_assert_switches.go:1140.70,1141.83 1 0
github.com/aiur-adept/sameriver/v7/GENERATED_efdsl_sig_assert_switches.go:1142.69,1143.82 1 0
github.com/aiur-adept/sameriver/v7/GENERATED_efdsl_sig_assert_switches.go:1144.73,1145.86 1 0
github.com/aiur-adept/sameriver/v7/GENERATED_efdsl_sig_assert_switches.go:1146.72,1147.85 1 0
github.com/aiur-adept/sameriver/v7/GENERATED_efdsl_sig_assert_switches.go:1148.74,1149.87 1 0
github.com/aiur-adept/sameriver/v7/GENERATED_efdsl_sig_assert_switches.go:1150.71,1151.84 1 0
github.com/aiur-adept/sameriver/v7/GENERATED_efdsl_sig_assert_switches.go:1152.73,1153.86 1 0
github.com/aiur-adept/sameriver/v7/GENERATED_efdsl_sig_assert_switches.go:1154.74,1155.87 1 0
github.com/aiur-adept/sameriver/v7/GENERATED_efdsl_sig_assert_switches.go:1156.73,1157.86 1 0
github.com/aiur-adept/sameriver/v7/GENERATED_efdsl_sig_assert_switches.go:1158.77,1159.90 1 0
github.com/aiur-adept/sameriver/v7/GENERATED_efdsl_sig_assert_switches.go:1160.76,1161.89 1 0
github.com/aiur-adept/sameriver/v7/GENERATED_efdsl_sig_assert_switches.go:1162.78,1163.91 1 0
github.com/aiur-adept/sameriver/v7/GENERATED_efdsl_sig_assert_switches.go:1164.75,1165.88 1 0
github.com/aiur-adept/sameriver/v7/GENERATED_efdsl_sig_assert_switches.go:1166.77,1167.90 1 0
github.com/aiur-adept/sameriver/v7/GENERATED_efdsl_sig_assert_switches.go:1168.73,1169.86 1 0
github.com/aiur-adept/sameriver/v7/GENERATED_efdsl_sig_assert_switches.go:1170.72,1171.85 1 0
github.com/aiur-adept/sameriver/v7/GENERATED_efdsl_sig_assert_switches.go:1172.76,1173.89 1 0
github.com/aiur-adept/sameriver/v7/GENERATED_efdsl_sig_assert_switches.go:1174.75,1175.88 1 0
github.com/aiur-adept/sameriver/v7/GENERATED_efdsl_sig_assert_switches.go:1176.77,1177.90 1 0
github.com/aiur-adept/sameriver/v7/GENERATED_efdsl_sig_assert_switches.go:1178.74,1179.87 1 0
github.com/aiur-adept/sameriver/v7/GENERATED_efdsl_sig_assert_switches.go:1180.76,1181.89 1 0
github.com/aiur-adept/sameriver/v7/GENERATED_efdsl_sig_assert_switches.go:1182.75,1183.88 1 0
github.com/aiur-adept/sameriver/v7/GENERATED_efdsl_sig_assert_switches.go:1184.74,1185.87 1 0
github.com/aiur-adept/sameriver/v7/GENERATED_efdsl_sig_assert_switches.go:1186.78,1187.91 1 0
github.com/aiur-adept/sameriver/v7/GENERATED_efdsl_sig_assert_switches.go:1188.77,1189.90 1 0
github.com/aiur-adept/sameriver/v7/GENERATED_efdsl_sig_assert_switches.go:1190.79,1191.92 1 0
github.com/aiur-adept/sameriver/v7/GENERATED_efdsl_sig_assert_switches.go:1192.76,1193.89 1 0
github.com/aiur-adept/sameriver/v7/GENERATED_efdsl_sig_assert_switches.go:1194.78,1195.91 1 0
github.com/aiur-adept/sameriver/v7/GENERATED_efdsl_sig_assert_switches.go:1196.72,1197.85 1 0
github.com/aiur-adept/sameriver/v7/GENERATED_efdsl_sig_assert_switches.go:1198.71,1199.84 1 0
github.com/aiur-adept/sameriver/v7/GENERATED_efdsl_sig_assert_switches.go:1200.75,1201.88 1 0
github.com/aiur-adept/sameriver/v7/GENERATED_efdsl_sig_assert_switches.go:1202.74,1203.87 1 0
github.com/aiur-adept/sameriver/v7/GENERATED_efdsl_sig_assert_switches.go:1204.76,1205.89 1 0
github.com/aiur-adept/sameriver/v7/GENERATED_efdsl_sig_assert_switches.go:1206.73,1207.86 1 0
github.com/aiur-adept/sameriver/v7/GENERATED_efdsl_sig_assert_switches.go:1208.75,1209.88 1 0
github.com/aiur-adept/sameriver/v7/GENERATED_efdsl_sig_assert_switches.go:1210.74,1211.87 1 0
github.com/aiur-adept/sameriver/v7/GENERATED_efdsl_sig_assert_switches.go:1212.73,1213.86 1 0
github.com/aiur-adept/sameriver/v7/GENERATED_efdsl_sig_assert_switches.go:1214.77,1215.90 1 0
github.com/aiur-adept/sameriver/v7/GENERATED_efdsl_sig_assert_switches.go:1216.76,1217.89 1 0
github.com/aiur-adept/sameriver/v7/GENERATED_efdsl_sig_assert_switches.go:1218.78,1219.91 1 0
github.com/aiur-adept/sameriver/v7/GENERATED_efdsl_sig_assert_switches.go:1220.75,1221.88 1 0
github.com/aiur-adept/sameriver/v7/GENERATED_efdsl_sig_assert_switches.go:1222.77,1223.90 1 0
github.com/aiur-adept/sameriver/v7/GENERATED_efdsl_sig_assert_switches.go:1224.70,1225.83 1 0
github.com/aiur-adept/sameriver/v7/GENERATED_efdsl_sig_assert_switches.go:1226.69,1227.82 1 0
github.com/aiur-adept/sameriver/v7/GENERATED_efdsl_sig_assert_switches.go:1228.73,1229.86 1 0
github.com/aiur-adept/sameriver/v7/GENERATED_efdsl_sig_assert_switches.go:1230.72,1231.85 1 0
github.com/aiur-adept/sameriver/v7/GENERATED_efdsl_sig_assert_switches.go:1232.74,1233.87 1 0
github.com/aiur-adept/sameriver/v7/GENERATED_efdsl_sig_assert_switches.go:1234.71,1235.84 1 0
github.com/aiur-adept/sameriver/v7/GENERATED_efdsl_sig_assert_switches.go:1236.73,1237.86 1 0
github.com/aiur-adept/sameriver/v7/GENERATED_efdsl_sig_assert_switches.go:1238.69,1239.82 1 0
github.com/aiur-adept/sameriver/v7/GENERATED_efdsl_sig_assert_switches.go:1240.68,1241.81 1 0
github.com/aiur-adept/sameriver/v7/GENERATED_efdsl_sig_assert_switches.go:1242.72,1243.85 1 0
github.com/aiur-adept/sameriver/v7/GENERATED_efdsl_sig_assert_switches.go:1244.71,1245.84 1 0
github.com/aiur-adept/sameriver/v7/GENERATED_efdsl_sig_assert_switches.go:1246.73,1247.86 1 0
github.com/aiur-adept/sameriver/v7/GENERATED_efdsl_sig_assert_switches.go:1248.70,1249.83 1 0
github.com/aiur-adept/sameriver/v7/GENERATED_efdsl_sig_assert_switches.go:1250.72,1251.85 1 0
github.com/aiur-adept/sameriver/v7/GENERATED_efdsl_sig_assert_switches.go:1252.73,1253.86 1 0
github.com/aiur-adept/sameriver/v7/GENERATED_efdsl_sig_assert_switches.go:1254.72,1255.85 1 0
github.com/aiur-adept/sameriver/v7/GENERATED_efdsl_sig_assert_switches.go:1256.76,1257.89 1 0
github.com/aiur-adept/sameriver/v7/GENERATED_efdsl_sig_assert_switches.go:1258.75,1259.88 1 0
github.com/aiur-adept/sameriver/v7/GENERATED_efdsl_sig_assert_switches.go:1260.77,1261.90 1 0
github.com/aiur-adept/sameriver/v7/GENERATED_efdsl_sig_assert_switches.go:1262.74,1263.87 1 0
github.com/aiur-adept/sameriver/v7/GENERATED_efdsl_sig_assert_switches.go:1264.76,1265.89 1 0
github.com/aiur-adept/sameriver/v7/GENERATED_efdsl_sig_assert_switches.go:1266.72,1267.85 1 0
github.com/aiur-adept/sameriver/v7/GENERATED_efdsl_sig_assert_switches.go:1268.71,1269.84 1 0
github.com/aiur-adept/sameriver/v7/GENERATED_efdsl_sig_assert_switches.go:1270.75,1271.88 1 0
github.com/aiur-adept/sameriver/v7/GENERATED_efdsl_sig_assert_switches.go:1272.74,1273.87 1 0
github.com/aiur-adept/sameriver/v7/GENERATED_efdsl_sig_assert_switches.go:1274.76,1275.89 1 0
github.com/aiur-adept/sameriver/v7/GENERATED_efdsl_sig_assert_switches.go:1276.73,1277.86 1 0
github.com/aiur-adept/sameriver/v7/GENERATED_efdsl_sig_assert_switches.go:1278.75,1279.88 1 0
github.com/aiur-adept/sameriver/v7/GENERATED_efdsl_sig_assert_switches.go:1280.74,1281.87 1 0
github.com/aiur-adept/sameriver/v7/GENERATED_efdsl_sig_assert_switches.go:1282.73,1283.86 1 0
github.com/aiur-adept/sameriver/v7/GENERATED_efdsl_sig_assert_switches.go:1284.77,1285.90 1 0
github.com/aiur-adept/sameriver/v7/GENERATED_efdsl_sig_assert_switches.go:1286.76,1287.89 1 0
github.com/aiur-adept/sameriver/v7/GENERATED_efdsl_sig_assert_switches.go:1288.78,1289.91 1 0
github.com/aiur-adept/sameriver/v7/GENERATED_efdsl_sig_assert_switches.go:1290.75,1291.88 1 0
github.com/aiur-adept/sameriver/v7/GENERATED_efdsl_sig_assert_switches.go:1292.77,1293.90 1 0
github.com/aiur-adept/sameriver/v7/GENERATED_efdsl_sig_assert_switches.go:1294.71,1295.84 1 0
github.com/aiur-adept/sameriver/v7/GENERATED_efdsl_sig_assert_switches.go:1296.70,1297.83 1 0
github.com/aiur-adept/sameriver/v7/GENERATED_efdsl_sig_assert_switches.go:1298.74,1299.87 1 0
github.com/aiur-adept/sameriver/v7/GENERATED_efdsl_sig_assert_switches.go:1300.73,1301.86 1 0
github.com/aiur-adept/sameriver/v7/GENERATED_efdsl_sig_assert_switches.go:1302.75,1303.88 1 0
github.com/aiur-adept/sameriver/v7/GENERATED_efdsl_sig_assert_switches.go:1304.72,1305.85 1 0
github.com/aiur-adept/sameriver/v7/GENERATED_efdsl_sig_assert_switches.go:1306.74,1307.87 1 0
github.com/aiur-adept/sameriver/v7/GENERATED_efdsl_sig_assert_switches.go:1308.73,1309.86 1 0
github.com/aiur-adept/sameriver/v7/GENERATED_efdsl_sig_assert_switches.go:1310.72,1311.85 1 0
github.com/aiur-adept/sameriver/v7/GENERATED_efdsl_sig_assert_switches.go:1312.76,1313.89 1 0
github.com/aiur-adept/sameriver/v7/GENERATED_efdsl_sig_assert_switches.go:1314.75,1315.88 1 0
github.com/aiur-adept/sameriver/v7/GENERATED_efdsl_sig_assert_switches.go:1316.77,1317.90 1 0
github.com/aiur-adept/sameriver/v7/GENERATED_efdsl_sig_assert_switches.go:1318.74,1319.87 1 0
github.com/aiur-adept/sameriver/v7/GENERATED_efdsl_sig_assert_switches.go:1320.76,1321.89 1 0
github.com/aiur-adept/sameriver/v7/GENERATED_efdsl_sig_assert_switches.go:1322.72,1323.85 1 0
github.com/aiur-adept/sameriver/v7/GENERATED_efdsl_sig_assert_switches.go:1324.71,1325.84 1 0
github.com/aiur-adept/sameriver/v7/GENERATED_efdsl_sig_assert_switches.go:1326.75,1327.88 1 0
github.com/aiur-adept/sameriver/v7/GENERATED_efdsl_sig_assert_switches.go:1328.74,1329.87 1 0
github.com/aiur-adept/sameriver/v7/GENERATED_efdsl_sig_assert_switches.go:1330.76,1331.89 1 0
github.com/aiur-adept/sameriver/v7/GENERATED_efdsl_sig_assert_switches.go:1332.73,1333.86 1 0
github.com/aiur-adept/sameriver/v7/GENERATED_efdsl_sig_assert_switches.go:1334.75,1335.88 1 0
github.com/aiur-adept/sameriver/v7/GENERATED_efdsl_sig_assert_switches.go:1336.71,1337.84 1 0
github.com/aiur-adept/sameriver/v7/GENERATED_efdsl_sig_assert_switches.go:1338.70,1339.83 1 0
github.com/aiur-adept/sameriver/v7/GENERATED_efdsl_sig_assert_switches.go:1340.74,1341.87 1 0
github.com/aiur-adept/sameriver/v7/GENERATED_efdsl_sig_assert_switches.go:1342.73,1343.86 1 0
github.com/aiur-adept/sameriver/v7/GENERATED_efdsl_sig_assert_switches.go:1344.75,1345.88 1 0
github.com/aiur-adept/sameriver/v7/GENERATED_efdsl_sig_assert_switches.go:1346.72,1347.85 1 0
github.com/aiur-adept/sameriver/v7/GENERATED_efdsl_sig_assert_switches.go:1348.74,1349.87 1 0
github.com/aiur-adept/sameriver/v7/GENERATED_efdsl_sig_assert_switches.go:1350.75,1351.88 1 0
github.com/aiur-adept/sameriver/v7/GENERATED_efdsl_sig_assert_switches.go:1352.74,1353.87 1 0
github.com/aiur-adept/sameriver/v7/GENERATED_efdsl_sig_assert_switches.go:1354.78,1355.91 1 0
github.com/aiur-adept/sameriver/v7/GENERATED_efdsl_sig_assert_switches.go:1356.77,1357.90 1 0
github.com/aiur-adept/sameriver/v7/GENERATED_efdsl_sig_assert_switches.go:1358.79,1359.92 1 0
github.com/aiur-adept/sameriver/v7/GENERATED_efdsl_sig_assert_switches.go:1360.76,1361.89 1 0
github.com/aiur-adept/sameriver/v7/GENERATED_efdsl_sig_assert_switches.go:1362.78,1363.91 1 0
github.com/aiur-adept/sameriver/v7/GENERATED_efdsl_sig_assert_switches.go:1364.74,1365.87 1 0
github.com/aiur-adept/sameriver/v7/GENERATED_efdsl_sig_assert_switches.go:1366.73,1367.86 1 0
github.com/aiur-adept/sameriver/v7/GENERATED_efdsl_sig_assert_switches.go:1368.77,1369.90 1 0
github.com/aiur-adept/sameriver/v7/GENERATED_efdsl_sig_assert_switches.go:1370.76,1371.89 1 0
github.com/aiur-adept/sameriver/v7/GENERATED_efdsl_sig_assert_switches.go:1372.78,1373.91 1 0
github.com/aiur-adept/sameriver/v7/GENERATED_efdsl_sig_assert_switches.go:1374.75,1375.88 1 0
github.com/aiur-adept/sameriver/v7/GENERATED_efdsl_sig_assert_switches.go:1376.77,1377.90 1 0
github.com/aiur-adept/sameriver/v7/GENERATED_efdsl_sig_assert_switches.go:1378.76,1379.89 1 0
github.com/aiur-adept/sameriver/v7/GENERATED_efdsl_sig_assert_switches.go:1380.75,1381.88 1 0
github.com/aiur-adept/sameriver/v7/GENERATED_efdsl_sig_assert_switches.go:1382.79,1383.92 1 0
github.com/aiur-adept/sameriver/v7/GENERATED_efdsl_sig_assert_switches.go:1384.78,1385.91 1 0
github.com/aiur-adept/sameriver/v7/GENERATED_efdsl_sig_assert_switches.go:1386.80,1387.93 1 0
github.com/aiur-adept/sameriver/v7/GENERATED_efdsl_sig_assert_switches.go:1388.77,1389.90 1 0
github.com/aiur-adept/sameriver/v7/GENERATED_efdsl_sig_assert_switches.go:1390.79,1391.92 1 0
github.com/aiur-adept/sameriver/v7/GENERATED_efdsl_sig_assert_switches.go:1392.73,1393.86 1 0
github.com/aiur-adept/sameriver/v7/GENERATED_efdsl_sig_assert_switches.go:1394.72,1395.85 1 0
github.com/aiur-adept/sameriver/v7/GENERATED_efdsl_sig_assert_switches.go:1396.76,1397.89 1 0
github.com/aiur-adept/sameriver/v7/GENERATED_efdsl_sig_assert_switches.go:1398.75,1399.88 1 0
github.com/aiur-adept/sameriver/v7/GENERATED_efdsl_sig_assert_switches.go:1400.77,1401.90 1 0
github.com/aiur-adept/sameriver/v7/GENERATED_efdsl_sig_assert_switches.go:1402.74,1403.87 1 0
github.com/aiur-adept/sameriver/v7/GENERATED_efdsl_sig_assert_switches.go:1404.76,1405.89 1 0
github.com/aiur-adept/sameriver/v7/GENERATED_efdsl_sig_assert_switches.go:1406.75,1407.88 1 0
github.com/aiur-adept/sameriver/v7/GENERATED_efdsl_sig_assert_switches.go:1408.74,1409.87 1 0
github.com/aiur-adept/sameriver/v7/GENERATED_efdsl_sig_assert_switches.go:1410.78,1411.91 1 0
github.com/aiur-adept/sameriver/v7/GENERATED_efdsl_sig_assert_switches.go:1412.77,1413.90 1 0
github.com/aiur-adept/sameriver/v7/GENERATED_efdsl_sig_assert_switches.go:1414.79,1415.92 1 0
github.com/aiur-adept/sameriver/v7/GENERATED_efdsl_sig_assert_switches.go:1416.76,1417.89 1 0
github.com/aiur-adept/sameriver/v7/GENERATED_efdsl_sig_assert_switches.go:1418.78,1419.91 1 0
github.com/aiur-adept/sameriver/v7/GENERATED_efdsl_sig_assert_switches.go:1420.69,1421.82 1 0
github.com/aiur-adept/sameriver/v7/GENERATED_efdsl_sig_assert_switches.go:1422.68,1423.81 1 0
github.com/aiur-adept/sameriver/v7/GENERATED_efdsl_sig_assert_switches.go:1424.72,1425.85 1 0
github.com/aiur-adept/sameriver/v7/GENERATED_efdsl_sig_assert_switches.go:1426.71,1427.84 1 0
github.com/aiur-adept/sameriver/v7/GENERATED_efdsl_sig_assert_switches.go:1428.73,1429.86 1 0
github.com/aiur-adept/sameriver/v7/GENERATED_efdsl_sig_assert_switches.go:1430.70,1431.83 1 0
github.com/aiur-adept/sameriver/v7/GENERATED_efdsl_sig_assert_switches.go:1432.72,1433.85 1 0
github.com/aiur-adept/sameriver/v7/GENERATED_efdsl_sig_assert_switches.go:1434.68,1435.81 1 0
github.com/aiur-adept/sameriver/v7/GENERATED_efdsl_sig_assert_switches.go:1436.67,1437.80 1 0
github.com/aiur-adept/sameriver/v7/GENERATED_efdsl_sig_assert_switches.go:1438.71,1439.84 1 0
github.com/aiur-adept/sameriver/v7/GENERATED_efdsl_sig_assert_switches.go:1440.70,1441.83 1 0
github.com/aiur-adept/sameriver/v7/GENERATED_efdsl_sig_assert_switches.go:1442.72,1443.85 1 0
github.com/aiur-adept/sameriver/v7/GENERATED_efdsl_sig_assert_switches.go:1444.69,1445.82 1 0
github.com/aiur-adept/sameriver/v7/GENERATED_efdsl_sig_assert_switches.go:1446.71,1447.84 1 0
github.com/aiur-adept/sameriver/v7/GENERATED_efdsl_sig_assert_switches.go:1448.72,1449.85 1 0
github.com/aiur-adept/sameriver/v7/GENERATED_efdsl_sig_assert_switches.go:1450.71,1451.84 1 0
github.com/aiur-adept/sameriver/v7/GENERATED_efdsl_sig_assert_switches.go:1452.75,1453.88 1 0
github.com/aiur-adept/sameriver/v7/GENERATED_efdsl_sig_assert_switches.go:1454.74,1455.87 1 0
github.com/aiur-adept/sameriver/v7/GENERATED_efdsl_sig_assert_switches.go:1456.76,1457.89 1 0
github.com/aiur-adept/sameriver/v7/GENERATED_efdsl_sig_assert_switches.go:1458.73,1459.86 1 0
github.com/aiur-adept/sameriver/v7/GENERATED_efdsl_sig_assert_switches.go:1460.75,1461.88 1 0
github.com/aiur-adept/sameriver/v7/GENERATED_efdsl_sig_assert_switches.go:1462.71,1463.84 1 0
github.com/aiur-adept/sameriver/v7/GENERATED_efdsl_sig_assert_switches.go:1464.70,1465.83 1 0
github.com/aiur-adept/sameriver/v7/GENERATED_efdsl_sig_assert_switches.go:1466.74,1467.87 1 0
github.com/aiur-adept/sameriver/v7/GENERATED_efdsl_sig_assert_switches.go:1468.73,1469.86 1 0
github.com/aiur-adept/sameriver/v7/GENERATED_efdsl_sig_assert_switches.go:1470.75,1471.88 1 0
github.com/aiur-adept/sameriver/v7/GENERATED_efdsl_sig_assert_switches.go:1472.72,1473.85 1 0
github.com/aiur-adept/sameriver/v7/GENERATED_efdsl_sig_assert_switches.go:1474.74,1475.87 1 0
github.com/aiur-adept/sameriver/v7/GENERATED_efdsl_sig_assert_switches.go:1476.73,1477.86 1 0
github.com/aiur-adept/sameriver/v7/GENERATED_efdsl_sig_assert_switches.go:1478.72,1479.85 1 0
github.com/aiur-adept/sameriver/v7/GENERATED_efdsl_sig_assert_switches.go:1480.76,1481.89 1 0
github.com/aiur-adept/sameriver/v7/GENERATED_efdsl_sig_assert_switches.go:1482.75,1483.88 1 0
github.com/aiur-adept/sameriver/v7/GENERATED_efdsl_sig_assert_switches.go:1484.77,1485.90 1 0
github.com/aiur-adept/sameriver/v7/GENERATED_efdsl_sig_assert_switches.go:1486.74,1487.87 1 0
github.com/aiur-adept/sameriver/v7/GENERATED_efdsl_sig_assert_switches.go:1488.76,1489.89 1 0
github.com/aiur-adept/sameriver/v7/GENERATED_efdsl_sig_assert_switches.go:1490.70,1491.83 1 0
github.com/aiur-adept/sameriver/v7/GENERATED_efdsl_sig_assert_switches.go:1492.69,1493.82 1 0
github.com/aiur-adept/sameriver/v7/GENERATED_efdsl_sig_assert_switches.go:1494.73,1495.86 1 0
github.com/aiur-adept/sameriver/v7/GENERATED_efdsl_sig_assert_switches.go:1496.72,1497.85 1 0
github.com/aiur-adept/sameriver/v7/GENERATED_efdsl_sig_assert_switches.go:1498.74,1499.87 1 0
github.com/aiur-adept/sameriver/v7/GENERATED_efdsl_sig_assert_switches.go:1500.71,1501.84 1 0
github.com/aiur-adept/sameriver/v7/GENERATED_efdsl_sig_assert_switches.go:1502.73,1503.86 1 0
github.com/aiur-adept/sameriver/v7/GENERATED_efdsl_sig_assert_switches.go:1504.72,1505.85 1 0
github.com/aiur-adept/sameriver/v7/GENERATED_efdsl_sig_assert_switches.go:1506.71,1507.84 1 0
github.com/aiur-adept/sameriver/v7/GENERATED_efdsl_sig_assert_switches.go:1508.75,1509.88 1 0
github.com/aiur-adept/sameriver/v7/GENERATED_efdsl_sig_assert_switches.go:1510.74,1511.87 1 0
github.com/aiur-adept/sameriver/v7/GENERATED_efdsl_sig_assert_switches.go:1512.76,1513.89 1 0
github.com/aiur-adept/sameriver/v7/GENERATED_efdsl_sig_assert_switches.go:1514.73,1515.86 1 0
github.com/aiur-adept/sameriver/v7/GENERATED_efdsl_sig_assert_switches.go:1516.75,1517.88 1 0
github.com/aiur-adept/sameriver/v7/GENERATED_efdsl_sig_assert_switches.go:1518.71,1519.84 1 0
github.com/aiur-adept/sameriver/v7/GENERATED_efdsl_sig_assert_switches.go:1520.70,1521.83 1 0
github.com/aiur-adept/sameriver/v7/GENERATED_efdsl_sig_assert_switches.go:1522.74,1523.87 1 0
github.com/aiur-adept/sameriver/v7/GENERATED_efdsl_sig_assert_switches.go:1524.73,1525.86 1 0
github.com/aiur-adept/sameriver/v7/GENERATED_efdsl_sig_assert_switches.go:1526.75,1527.88 1 0
github.com/aiur-adept/sameriver/v7/GENERATED_efdsl_sig_assert_switches.go:1528.72,1529.85 1 0
github.com/aiur-adept/sameriver/v7/GENERATED_efdsl_sig_assert_switches.go:1530.74,1531.87 1 0
github.com/aiur-adept/sameriver/v7/GENERATED_efdsl_sig_assert_switches.go:1532.70,1533.83 1 0
github.com/aiur-adept/sameriver/v7/GENERATED_efdsl_sig_assert_switches.go:1534.69,1535.82 1 0
github.com/aiur-adept/sameriver/v7/GENERATED_efdsl_sig_assert_switches.go:1536.73,1537.86 1 0
github.com/aiur-adept/sameriver/v7/GENERATED_efdsl_sig_assert_switches.go:1538.72,1539.85 1 0
github.com/aiur-adept/sameriver/v7/GENERATED_efdsl_sig_assert_switches.go:1540.74,1541.87 1 0
github.com/aiur-adept/sameriver/v7/GENERATED_efdsl_sig_assert_switches.go:1542.71,1543.84 1 0
github.com/aiur-adept/sameriver/v7/GENERATED_efdsl_sig_assert_switches.go:1544.73,1545.86 1 0
github.com/aiur-adept/sameriver/v7/GENERATED_efdsl_sig_assert_switches.go:1546.74,1547.87 1 0
github.com/aiur-adept/sameriver/v7/GENERATED_efdsl_sig_assert_switches.go:1548.73,1549.86 1 0
github.com/aiur-adept/sameriver/v7/GENERATED_efdsl_sig_assert_switches.go:1550.77,1551.90 1 0
github.com/aiur-adept/sameriver/v7/GENERATED_efdsl_sig_assert_switches.go:1552.76,1553.89 1 0
github.com/aiur-adept/sameriver/v7/GENERATED_efdsl_sig_assert_switches.go:1554.78,1555.91 1 0
github.com/aiur-adept/sameriver/v7/GENERATED_efdsl_sig_assert_switches.go:1556.75,1557.88 1 0
github.com/aiur-adept/sameriver/v7/GENERATED_efdsl_sig_assert_switches.go:1558.77,1559.90 1 0
github.com/aiur-adept/sameriver/v7/GENERATED_efdsl_sig_assert_switches.go:1560.73,1561.86 1 0
github.com/aiur-adept/sameriver/v7/GENERATED_efdsl_sig_assert_switches.go:1562.72,1563.85 1 0
github.com/aiur-adept/sameriver/v7/GENERATED_efdsl_sig_assert_switches.go:1564.76,1565.89 1 0
github.com/aiur-adept/sameriver/v7/GENERATED_efdsl_sig_assert_switches.go:1566.75,1567.88 1 0
github.com/aiur-adept/sameriver/v7/GENERATED_efdsl_sig_assert_switches.go:1568.77,1569.90 1 0
github.com/aiur-adept/sameriver/v7/GENERATED_efdsl_sig_assert_switches.go:1570.74,1571.87 1 0
github.com/aiur-adept/sameriver/v7/GENERATED_efdsl_sig_assert_switches.go:1572.76,1573.89 1 0
github.com/aiur-adept/sameriver/v7/GENERATED_efdsl_sig_assert_switches.go:1574.75,1575.88 1 0
github.com/aiur-adept/sameriver/v7/GENERATED_efdsl_sig_assert_switches.go:1576.74,1577.87 1 0
github.com/aiur-adept/sameriver/v7/GENERATED_efdsl_sig_assert_switches.go:1578.78,1579.91 1 0
github.com/aiur-adept/sameriver/v7/GENERATED_efdsl_sig_assert_switches.go:1580.77,1581.90 1 0
github.com/aiur-adept/sameriver/v7/GENERATED_efdsl_sig_assert_switches.go:1582.79,1583.92 1 0
github.com/aiur-adept/sameriver/v7/GENERATED_efdsl_sig_assert_switches.go:1584.76,1585.89 1 0
github.com/aiur-adept/sameriver/v7/GENERATED_efdsl_sig_assert_switches.go:1586.78,1587.91 1 0
github.com/aiur-adept/sameriver/v7/GENERATED_efdsl_sig_assert_switches.go:1588.72,1589.85 1 0
github.com/aiur-adept/sameriver/v7/GENERATED_efdsl_sig_assert_switches.go:1590.71,1591.84 1 0
github.com/aiur-adept/sameriver/v7/GENERATED_efdsl_sig_assert_switches.go:1592.75,1593.88 1 0
github.com/aiur-adept/sameriver/v7/GENERATED_efdsl_sig_assert_switches.go:1594.74,1595.87 1 0
github.com/aiur-adept/sameriver/v7/GENERATED_efdsl_sig_assert_switches.go:1596.76,1597.89 1 0
github.com/aiur-adept/sameriver/v7/GENERATED_efdsl_sig_assert_switches.go:1598.73,1599.86 1 0
github.com/aiur-adept/sameriver/v7/GENERATED_efdsl_sig_assert_switches.go:1600.75,1601.88 1 0
github.com/aiur-adept/sameriver/v7/GENERATED_efdsl_sig_assert_switches.go:1602.74,1603.87 1 0
github.com/aiur-adept/sameriver/v7/GENERATED_efdsl_sig_assert_switches.go:1604.73,1605.86 1 0
github.com/aiur-adept/sameriver/v7/GENERATED_efdsl_sig_assert_switches.go:1606.77,1607.90 1 0
github.com/aiur-adept/sameriver/v7/GENERATED_efdsl_sig_assert_switches.go:1608.76,1609.89 1 0
github.com/aiur-adept/sameriver/v7/GENERATED_efdsl_sig_assert_switches.go:1610.78,1611.91 1 0
github.com/aiur-adept/sameriver/v7/GENERATED_efdsl_sig_assert_switches.go:1612.75,1613.88 1 0
github.com/aiur-adept/sameriver/v7/GENERATED_efdsl_sig_assert_switches.go:1614.77,1615.90 1 0
github.com/aiur-adept/sameriver/v7/GENERATED_efdsl_sig_assert_switches.go:1616.10,1617.132 1 0
github.com/aiur-adept/sameriver/v7/GENERATED_efdsl_sig_assert_switches.go:1620.2,1620.15 1 0
github.com/aiur-adept/sameriver/v7/audio_manager.go:46.31,50.16 3 1
github.com/aiur-adept/sameriver/v7/audio_manager.go:50.16,51.13 1 0
github.com/aiur-adept/sameriver/v7/audio_manager.go:53.2,53.26 1 1
github.com/aiur-adept/sameriver/v7/audio_manager.go:53.26,55.3 1 1
github.com/aiur-adept/sameriver/v7/audio_manager.go:59.42,62.45 2 1
github.com/aiur-adept/sameriver/v7/audio_manager.go:62.45,66.3 3 0
github.com/aiur-adept/sameriver/v7/audio_manager.go:67.2,68.16 2 1
github.com/aiur-adept/sameriver/v7/audio_manager.go:68.16,72.3 3 0
github.com/aiur-adept/sameriver/v7/audio_manager.go:72.8,74.3 1 1
github.com/aiur-adept/sameriver/v7/audio_manager.go:78.54,79.26 1 1
github.com/aiur-adept/sameriver/v7/audio_manager.go:79.26,85.3 2 0
github.com/aiur-adept/sameriver/v7/audio_manager.go:85.8,90.3 3 1
github.com/aiur-adept/sameriver/v7/blackboard.go:15.44,22.2 1 1
github.com/aiur-adept/sameriver/v7/blackboard.go:24.40,27.2 2 0
github.com/aiur-adept/sameriver/v7/blackboard.go:29.39,31.2 1 1
github.com/aiur-adept/sameriver/v7/blackboard.go:33.42,35.26 1 1
github.com/aiur-adept/sameriver/v7/blackboard.go:35.26,39.3 3 1
github.com/aiur-adept/sameriver/v7/blackboard.go:39.8,39.35 1 1
github.com/aiur-adept/sameriver/v7/blackboard.go:39.35,43.3 3 1
github.com/aiur-adept/sameriver/v7/blackboard.go:43.8,45.3 1 1
github.com/aiur-adept/sameriver/v7/blackboard.go:48.38,50.28 2 0
github.com/aiur-adept/sameriver/v7/blackboard.go:50.28,52.3 1 0
github.com/aiur-adept/sameriver/v7/blackboard.go:55.56,61.51 2 1
github.com/aiur-adept/sameriver/v7/blackboard.go:61.51,63.3 1 0
github.com/aiur-adept/sameriver/v7/blackboard.go:65.2,68.36 3 1
github.com/aiur-adept/sameriver/v7/blackboard.go:68.36,69.28 1 1
github.com/aiur-adept/sameriver/v7/blackboard.go:70.22,75.27 5 1
github.com/aiur-adept/sameriver/v7/blackboard.go:75.27,76.37 1 1
github.com/aiur-adept/sameriver/v7/blackboard.go:76.37,79.6 2 1
github.com/aiur-adept/sameriver/v7/blackboard.go:79.11,79.47 1 1
github.com/aiur-adept/sameriver/v7/blackboard.go:79.47,82.6 2 1
github.com/aiur-adept/sameriver/v7/blackboard.go:82.11,82.43 1 0
github.com/aiur-adept/sameriver/v7/blackboard.go:82.43,85.6 2 0
github.com/aiur-adept/sameriver/v7/blackboard.go:85.11,87.6 1 0
github.com/aiur-adept/sameriver/v7/blackboard.go:89.4,89.13 1 1
github.com/aiur-adept/sameriver/v7/blackboard.go:89.13,91.5 1 1
github.com/aiur-adept/sameriver/v7/blackboard.go:91.10,91.22 1 1
github.com/aiur-adept/sameriver/v7/blackboard.go:91.22,93.5 1 1
github.com/aiur-adept/sameriver/v7/blackboard.go:93.10,93.21 1 0
github.com/aiur-adept/sameriver/v7/blackboard.go:93.21,95.5 1 0
github.com/aiur-adept/sameriver/v7/blackboard.go:96.20,98.33 1 1
github.com/aiur-adept/sameriver/v7/blackboard.go:98.33,100.5 1 0
github.com/aiur-adept/sameriver/v7/blackboard.go:100.10,100.39 1 1
github.com/aiur-adept/sameriver/v7/blackboard.go:100.39,102.5 1 1
github.com/aiur-adept/sameriver/v7/blackboard.go:102.10,102.36 1 1
github.com/aiur-adept/sameriver/v7/blackboard.go:102.36,104.5 1 1
github.com/aiur-adept/sameriver/v7/blackboard.go:104.10,106.5 1 0
github.com/aiur-adept/sameriver/v7/blackboard.go:110.2,110.29 1 1
github.com/aiur-adept/sameriver/v7/blackboard.go:110.29,111.47 1 1
github.com/aiur-adept/sameriver/v7/blackboard.go:111.47,113.31 2 1
github.com/aiur-adept/sameriver/v7/blackboard.go:113.31,115.5 1 1
github.com/aiur-adept/sameriver/v7/blackboard.go:116.4,116.22 1 1
github.com/aiur-adept/sameriver/v7/blackboard.go:118.3,118.45 1 1
github.com/aiur-adept/sameriver/v7/blackboard.go:118.45,120.4 1 1
github.com/aiur-adept/sameriver/v7/blackboard.go:123.2,123.12 1 1
github.com/aiur-adept/sameriver/v7/blackboard.go:126.52,136.2 3 1
github.com/aiur-adept/sameriver/v7/bt.go:55.50,57.30 2 1
github.com/aiur-adept/sameriver/v7/bt.go:57.30,59.21 2 1
github.com/aiur-adept/sameriver/v7/bt.go:59.21,62.4 2 0
github.com/aiur-adept/sameriver/v7/bt.go:67.25,71.23 2 1
github.com/aiur-adept/sameriver/v7/bt.go:71.23,73.3 1 0
github.com/aiur-adept/sameriver/v7/bt.go:75.2,76.40 2 1
github.com/aiur-adept/sameriver/v7/bt.go:76.40,78.3 1 1
github.com/aiur-adept/sameriver/v7/bt.go:80.2,80.14 1 1
github.com/aiur-adept/sameriver/v7/bt.go:80.14,84.63 2 1
github.com/aiur-adept/sameriver/v7/bt.go:84.63,86.4 1 1
github.com/aiur-adept/sameriver/v7/bt.go:90.38,92.9 2 1
github.com/aiur-adept/sameriver/v7/bt.go:92.9,94.3 1 1
github.com/aiur-adept/sameriver/v7/bt.go:95.2,97.20 2 1
github.com/aiur-adept/sameriver/v7/bt.go:97.20,98.30 1 1
github.com/aiur-adept/sameriver/v7/bt.go:98.30,102.12 4 0
github.com/aiur-adept/sameriver/v7/bt.go:103.9,104.9 1 1
github.com/aiur-adept/sameriver/v7/bt.go:126.65,137.35 3 1
github.com/aiur-adept/sameriver/v7/bt.go:137.35,138.24 1 1
github.com/aiur-adept/sameriver/v7/bt.go:138.24,140.4 1 1
github.com/aiur-adept/sameriver/v7/bt.go:141.3,141.23 1 1
github.com/aiur-adept/sameriver/v7/bt.go:141.23,143.4 1 1
[...]
github.com/aiur-adept/sameriver/v7/texture_manager.go:28.33,31.3 2 1
github.com/aiur-adept/sameriver/v7/texture_manager.go:34.61,35.39 1 1
github.com/aiur-adept/sameriver/v7/texture_manager.go:35.39,37.3 1 1
github.com/aiur-adept/sameriver/v7/texture_manager.go:40.93,42.16 2 1
github.com/aiur-adept/sameriver/v7/texture_manager.go:42.16,43.13 1 0
github.com/aiur-adept/sameriver/v7/texture_manager.go:46.2,47.16 2 1
github.com/aiur-adept/sameriver/v7/texture_manager.go:47.16,48.13 1 0
github.com/aiur-adept/sameriver/v7/texture_manager.go:50.2,51.27 2 1
github.com/aiur-adept/sameriver/v7/texture_manager.go:54.61,59.2 1 1
github.com/aiur-adept/sameriver/v7/texture_manager.go:61.89,63.16 2 1
github.com/aiur-adept/sameriver/v7/texture_manager.go:63.16,64.13 1 0
github.com/aiur-adept/sameriver/v7/texture_manager.go:66.2,68.55 3 1
github.com/aiur-adept/sameriver/v7/texture_manager.go:71.43,74.16 2 1
github.com/aiur-adept/sameriver/v7/texture_manager.go:74.16,75.13 1 0
github.com/aiur-adept/sameriver/v7/texture_manager.go:77.2,77.21 1 1
github.com/aiur-adept/sameriver/v7/texture_manager.go:80.60,88.2 3 1
github.com/aiur-adept/sameriver/v7/tile_manager.go:19.78,27.2 1 1
github.com/aiur-adept/sameriver/v7/tile_manager.go:29.61,32.2 2 1
github.com/aiur-adept/sameriver/v7/tile_manager.go:35.46,38.16 2 1
github.com/aiur-adept/sameriver/v7/tile_manager.go:38.16,39.13 1 0
github.com/aiur-adept/sameriver/v7/tile_manager.go:41.2,41.35 1 1
github.com/aiur-adept/sameriver/v7/tile_manager.go:44.80,46.16 2 1
github.com/aiur-adept/sameriver/v7/tile_manager.go:46.16,47.13 1 0
github.com/aiur-adept/sameriver/v7/tile_manager.go:49.2,51.16 3 1
github.com/aiur-adept/sameriver/v7/tile_manager.go:51.16,52.13 1 0
github.com/aiur-adept/sameriver/v7/tile_manager.go:54.2,54.43 1 1
github.com/aiur-adept/sameriver/v7/tile_manager.go:57.91,63.36 6 1
github.com/aiur-adept/sameriver/v7/tile_manager.go:63.36,65.3 1 1
github.com/aiur-adept/sameriver/v7/tile_manager.go:66.2,70.12 5 1
github.com/aiur-adept/sameriver/v7/tile_manager.go:73.36,74.39 1 1
github.com/aiur-adept/sameriver/v7/tile_manager.go:74.39,76.3 1 1
github.com/aiur-adept/sameriver/v7/tile_manager.go:80.63,89.16 7 1
github.com/aiur-adept/sameriver/v7/tile_manager.go:89.16,90.13 1 0
github.com/aiur-adept/sameriver/v7/tile_manager.go:92.2,92.70 1 1
github.com/aiur-adept/sameriver/v7/tile_manager.go:95.98,99.2 2 1
github.com/aiur-adept/sameriver/v7/tile_map.go:17.64,24.28 2 1
github.com/aiur-adept/sameriver/v7/tile_map.go:24.28,26.3 1 1
github.com/aiur-adept/sameriver/v7/tile_map.go:27.2,27.13 1 1
github.com/aiur-adept/sameriver/v7/tile_map.go:30.70,37.61 5 1
github.com/aiur-adept/sameriver/v7/tile_map.go:37.61,38.65 1 1
github.com/aiur-adept/sameriver/v7/tile_map.go:38.65,41.28 3 1
github.com/aiur-adept/sameriver/v7/tile_map.go:41.28,43.5 1 1
github.com/aiur-adept/sameriver/v7/tile_map.go:48.53,50.2 1 1
github.com/aiur-adept/sameriver/v7/tile_map.go:52.42,61.16 3 1
github.com/aiur-adept/sameriver/v7/tile_map.go:61.16,62.13 1 0
github.com/aiur-adept/sameriver/v7/tile_map.go:64.2,64.35 1 1
github.com/aiur-adept/sameriver/v7/tile_map.go:67.83,74.28 7 1
github.com/aiur-adept/sameriver/v7/tile_map.go:74.28,76.44 2 1
github.com/aiur-adept/sameriver/v7/tile_map.go:76.44,78.4 1 1
github.com/aiur-adept/sameriver/v7/tile_map.go:80.2,80.13 1 1
github.com/aiur-adept/sameriver/v7/tile_map.go:83.68,85.16 2 1
github.com/aiur-adept/sameriver/v7/tile_map.go:85.16,86.13 1 0
github.com/aiur-adept/sameriver/v7/tile_map.go:88.2,90.16 3 1
github.com/aiur-adept/sameriver/v7/tile_map.go:90.16,91.13 1 0
github.com/aiur-adept/sameriver/v7/tile_map.go:93.2,94.13 2 1
github.com/aiur-adept/sameriver/v7/time_accumulator.go:8.60,13.2 4 1
github.com/aiur-adept/sameriver/v7/time_accumulator.go:15.52,18.32 3 1
github.com/aiur-adept/sameriver/v7/time_accumulator.go:18.32,22.3 3 1
github.com/aiur-adept/sameriver/v7/time_accumulator.go:23.2,23.17 1 1
github.com/aiur-adept/sameriver/v7/time_accumulator.go:26.48,28.2 1 1
github.com/aiur-adept/sameriver/v7/time_accumulator.go:30.68,32.2 1 1
github.com/aiur-adept/sameriver/v7/updated_entity_list.go:38.59,45.2 2 1
github.com/aiur-adept/sameriver/v7/updated_entity_list.go:49.65,56.2 2 1
github.com/aiur-adept/sameriver/v7/updated_entity_list.go:58.57,60.39 1 1
github.com/aiur-adept/sameriver/v7/updated_entity_list.go:60.39,62.3 1 1
github.com/aiur-adept/sameriver/v7/updated_entity_list.go:64.2,64.27 1 1
github.com/aiur-adept/sameriver/v7/updated_entity_list.go:65.18,66.23 1 1
github.com/aiur-adept/sameriver/v7/updated_entity_list.go:67.21,68.26 1 1
github.com/aiur-adept/sameriver/v7/updated_entity_list.go:73.44,75.14 1 1
github.com/aiur-adept/sameriver/v7/updated_entity_list.go:75.14,77.3 1 1
github.com/aiur-adept/sameriver/v7/updated_entity_list.go:77.8,78.49 1 1
github.com/aiur-adept/sameriver/v7/updated_entity_list.go:78.49,80.4 1 1
github.com/aiur-adept/sameriver/v7/updated_entity_list.go:85.47,87.14 1 1
github.com/aiur-adept/sameriver/v7/updated_entity_list.go:87.14,89.3 1 1
github.com/aiur-adept/sameriver/v7/updated_entity_list.go:89.8,91.3 1 1
github.com/aiur-adept/sameriver/v7/updated_entity_list.go:96.31,99.2 1 1
github.com/aiur-adept/sameriver/v7/updated_entity_list.go:102.42,104.2 1 1
github.com/aiur-adept/sameriver/v7/updated_entity_list.go:107.53,111.2 3 1
github.com/aiur-adept/sameriver/v7/updated_entity_list.go:114.60,115.26 1 1
github.com/aiur-adept/sameriver/v7/updated_entity_list.go:115.26,117.3 1 1
github.com/aiur-adept/sameriver/v7/updated_entity_list.go:118.2,118.27 1 1
github.com/aiur-adept/sameriver/v7/updated_entity_list.go:122.61,123.26 1 1
github.com/aiur-adept/sameriver/v7/updated_entity_list.go:123.26,125.3 1 1
github.com/aiur-adept/sameriver/v7/updated_entity_list.go:126.2,126.52 1 1
github.com/aiur-adept/sameriver/v7/updated_entity_list.go:130.45,132.2 1 1
github.com/aiur-adept/sameriver/v7/vec2d.go:14.30,19.2 1 0
github.com/aiur-adept/sameriver/v7/vec2d.go:21.31,24.2 2 1
github.com/aiur-adept/sameriver/v7/vec2d.go:26.36,28.2 1 1
github.com/aiur-adept/sameriver/v7/vec2d.go:30.36,32.2 1 1
github.com/aiur-adept/sameriver/v7/vec2d.go:34.55,39.2 4 1
github.com/aiur-adept/sameriver/v7/vec2d.go:41.46,43.2 1 0
github.com/aiur-adept/sameriver/v7/vec2d.go:45.38,47.2 1 0
github.com/aiur-adept/sameriver/v7/vec2d.go:49.36,51.2 1 1
github.com/aiur-adept/sameriver/v7/vec2d.go:53.42,55.2 1 0
github.com/aiur-adept/sameriver/v7/vec2d.go:57.42,60.2 2 0
github.com/aiur-adept/sameriver/v7/vec2d.go:62.39,64.2 1 1
github.com/aiur-adept/sameriver/v7/vec2d.go:66.29,68.2 1 1
github.com/aiur-adept/sameriver/v7/vec2d.go:70.44,72.13 2 1
github.com/aiur-adept/sameriver/v7/vec2d.go:72.13,74.3 1 0
github.com/aiur-adept/sameriver/v7/vec2d.go:74.8,76.3 1 1
github.com/aiur-adept/sameriver/v7/vec2d.go:79.35,81.2 1 0
github.com/aiur-adept/sameriver/v7/vec2d.go:83.35,85.2 1 0
github.com/aiur-adept/sameriver/v7/vec2d.go:87.47,88.47 1 0
github.com/aiur-adept/sameriver/v7/vec2d.go:88.47,90.3 1 0
github.com/aiur-adept/sameriver/v7/vec2d.go:91.2,92.14 2 0
github.com/aiur-adept/sameriver/v7/vec2d.go:92.14,94.3 1 0
github.com/aiur-adept/sameriver/v7/vec2d.go:94.8,94.22 1 0
github.com/aiur-adept/sameriver/v7/vec2d.go:94.22,96.3 1 0
github.com/aiur-adept/sameriver/v7/vec2d.go:96.8,98.3 1 0
github.com/aiur-adept/sameriver/v7/vec2d.go:101.60,106.2 1 1
github.com/aiur-adept/sameriver/v7/vec2d.go:108.60,113.2 1 0
github.com/aiur-adept/sameriver/v7/vec2d.go:115.52,118.2 2 1
github.com/aiur-adept/sameriver/v7/vec2d.go:120.52,123.2 2 1
github.com/aiur-adept/sameriver/v7/vec2d.go:125.42,127.2 1 1
github.com/aiur-adept/sameriver/v7/viewport.go:12.77,27.2 6 1
github.com/aiur-adept/sameriver/v7/world.go:77.58,80.37 3 1
github.com/aiur-adept/sameriver/v7/world.go:80.37,82.3 1 1
github.com/aiur-adept/sameriver/v7/world.go:82.8,84.3 1 1
github.com/aiur-adept/sameriver/v7/world.go:85.2,85.38 1 1
github.com/aiur-adept/sameriver/v7/world.go:85.38,87.3 1 1
github.com/aiur-adept/sameriver/v7/world.go:87.8,89.3 1 1
github.com/aiur-adept/sameriver/v7/world.go:90.2,90.39 1 1
github.com/aiur-adept/sameriver/v7/world.go:90.39,92.3 1 1
github.com/aiur-adept/sameriver/v7/world.go:92.8,94.3 1 1
github.com/aiur-adept/sameriver/v7/world.go:95.2,95.52 1 1
github.com/aiur-adept/sameriver/v7/world.go:95.52,97.3 1 1
github.com/aiur-adept/sameriver/v7/world.go:97.8,99.3 1 1
github.com/aiur-adept/sameriver/v7/world.go:100.2,100.52 1 1
github.com/aiur-adept/sameriver/v7/world.go:100.52,102.3 1 1
github.com/aiur-adept/sameriver/v7/world.go:102.8,104.3 1 1
github.com/aiur-adept/sameriver/v7/world.go:106.2,112.3 1 1
github.com/aiur-adept/sameriver/v7/world.go:115.43,174.2 13 1
github.com/aiur-adept/sameriver/v7/world.go:176.69,186.33 7 1
github.com/aiur-adept/sameriver/v7/world.go:186.33,188.3 1 1
github.com/aiur-adept/sameriver/v7/world.go:188.8,190.3 1 1
github.com/aiur-adept/sameriver/v7/world.go:191.2,191.21 1 1
github.com/aiur-adept/sameriver/v7/world.go:194.54,195.28 1 1
github.com/aiur-adept/sameriver/v7/world.go:195.28,196.76 1 0
github.com/aiur-adept/sameriver/v7/world.go:199.2,199.42 1 1
github.com/aiur-adept/sameriver/v7/world.go:199.42,203.49 4 1
github.com/aiur-adept/sameriver/v7/world.go:203.49,205.12 2 0
github.com/aiur-adept/sameriver/v7/world.go:206.9,209.4 2 1
github.com/aiur-adept/sameriver/v7/world.go:213.52,215.28 1 1
github.com/aiur-adept/sameriver/v7/world.go:215.28,217.47 2 1
github.com/aiur-adept/sameriver/v7/world.go:217.47,218.79 1 1
github.com/aiur-adept/sameriver/v7/world.go:220.3,221.32 2 1
github.com/aiur-adept/sameriver/v7/world.go:221.32,222.41 1 0
github.com/aiur-adept/sameriver/v7/world.go:224.3,224.46 1 1
github.com/aiur-adept/sameriver/v7/world.go:224.46,228.50 4 1
github.com/aiur-adept/sameriver/v7/world.go:228.50,230.13 2 1
github.com/aiur-adept/sameriver/v7/world.go:232.4,235.6 2 1
github.com/aiur-adept/sameriver/v7/world.go:237.3,237.17 1 1
github.com/aiur-adept/sameriver/v7/world.go:240.2,240.28 1 1
github.com/aiur-adept/sameriver/v7/world.go:240.28,242.3 1 1
github.com/aiur-adept/sameriver/v7/world.go:245.73,250.2 4 1
github.com/aiur-adept/sameriver/v7/world.go:252.37,254.34 2 1
github.com/aiur-adept/sameriver/v7/world.go:254.34,255.54 1 1
github.com/aiur-adept/sameriver/v7/world.go:257.2,272.61 7 1
github.com/aiur-adept/sameriver/v7/world.go:275.55,276.29 1 1
github.com/aiur-adept/sameriver/v7/world.go:276.29,277.67 1 1
github.com/aiur-adept/sameriver/v7/world.go:279.2,281.16 3 1
github.com/aiur-adept/sameriver/v7/world.go:281.16,283.55 1 0
github.com/aiur-adept/sameriver/v7/world.go:287.50,299.40 3 1
github.com/aiur-adept/sameriver/v7/world.go:299.40,304.19 3 1
github.com/aiur-adept/sameriver/v7/world.go:304.19,308.17 2 1
github.com/aiur-adept/sameriver/v7/world.go:308.17,312.36 1 1
github.com/aiur-adept/sameriver/v7/world.go:314.4,318.42 3 1
github.com/aiur-adept/sameriver/v7/world.go:318.42,319.25 1 1
github.com/aiur-adept/sameriver/v7/world.go:319.25,320.14 1 1
github.com/aiur-adept/sameriver/v7/world.go:322.5,322.46 1 1
github.com/aiur-adept/sameriver/v7/world.go:322.46,324.11 2 1
github.com/aiur-adept/sameriver/v7/world.go:327.4,327.26 1 1
github.com/aiur-adept/sameriver/v7/world.go:327.26,328.29 1 1
github.com/aiur-adept/sameriver/v7/world.go:328.29,329.14 1 1
github.com/aiur-adept/sameriver/v7/world.go:330.11,333.45 1 1
github.com/aiur-adept/sameriver/v7/world.go:345.4,348.40 4 1
github.com/aiur-adept/sameriver/v7/world.go:353.50,358.26 3 1
github.com/aiur-adept/sameriver/v7/world.go:358.26,361.4 2 1
github.com/aiur-adept/sameriver/v7/world.go:365.2,365.19 1 1
github.com/aiur-adept/sameriver/v7/world.go:368.69,373.26 3 1
github.com/aiur-adept/sameriver/v7/world.go:373.26,375.4 1 1
github.com/aiur-adept/sameriver/v7/world.go:379.2,380.13 2 1
github.com/aiur-adept/sameriver/v7/world.go:384.77,391.26 5 1
github.com/aiur-adept/sameriver/v7/world.go:391.26,394.16 3 1
github.com/aiur-adept/sameriver/v7/world.go:394.16,396.5 1 1
github.com/aiur-adept/sameriver/v7/world.go:401.2,402.13 2 1
github.com/aiur-adept/sameriver/v7/world.go:405.48,407.2 1 0
github.com/aiur-adept/sameriver/v7/world.go:409.90,416.40 2 1
github.com/aiur-adept/sameriver/v7/world.go:416.40,418.3 1 1
github.com/aiur-adept/sameriver/v7/world.go:419.2,421.10 3 1
github.com/aiur-adept/sameriver/v7/world.go:424.59,425.48 1 1
github.com/aiur-adept/sameriver/v7/world.go:425.48,426.36 1 1
github.com/aiur-adept/sameriver/v7/world.go:426.36,427.43 1 1
github.com/aiur-adept/sameriver/v7/world.go:427.43,433.5 4 1
github.com/aiur-adept/sameriver/v7/world.go:438.73,439.38 1 1
github.com/aiur-adept/sameriver/v7/world.go:439.38,440.59 1 1
github.com/aiur-adept/sameriver/v7/world.go:442.2,450.10 4 1
github.com/aiur-adept/sameriver/v7/world.go:453.104,458.2 4 0
github.com/aiur-adept/sameriver/v7/world.go:460.42,461.42 1 1
github.com/aiur-adept/sameriver/v7/world.go:461.42,465.3 3 1
github.com/aiur-adept/sameriver/v7/world.go:468.37,470.2 1 1
github.com/aiur-adept/sameriver/v7/world.go:472.39,474.2 1 1
github.com/aiur-adept/sameriver/v7/world.go:476.44,477.42 1 1
github.com/aiur-adept/sameriver/v7/world.go:477.42,479.3 1 1
github.com/aiur-adept/sameriver/v7/world.go:482.46,483.42 1 1
github.com/aiur-adept/sameriver/v7/world.go:483.42,485.3 1 1
github.com/aiur-adept/sameriver/v7/world.go:488.60,489.29 1 0
github.com/aiur-adept/sameriver/v7/world.go:489.29,491.3 1 0
github.com/aiur-adept/sameriver/v7/world.go:494.55,496.2 1 0
github.com/aiur-adept/sameriver/v7/world.go:498.41,500.2 1 0
github.com/aiur-adept/sameriver/v7/world.go:502.52,504.2 1 0
github.com/aiur-adept/sameriver/v7/world.go:506.43,508.2 1 0
github.com/aiur-adept/sameriver/v7/world.go:510.58,511.39 1 1
github.com/aiur-adept/sameriver/v7/world.go:511.39,513.3 1 1
github.com/aiur-adept/sameriver/v7/world.go:514.2,514.28 1 1
github.com/aiur-adept/sameriver/v7/world.go:517.72,519.2 1 0
github.com/aiur-adept/sameriver/v7/world.go:521.71,524.2 2 1
github.com/aiur-adept/sameriver/v7/world.go:526.70,529.2 2 1
github.com/aiur-adept/sameriver/v7/world.go:531.75,533.29 2 0
github.com/aiur-adept/sameriver/v7/world.go:533.29,536.3 2 0
github.com/aiur-adept/sameriver/v7/world.go:537.2,537.12 1 0
github.com/aiur-adept/sameriver/v7/world.go:540.62,543.35 1 1
github.com/aiur-adept/sameriver/v7/world.go:543.35,545.4 1 1
github.com/aiur-adept/sameriver/v7/world.go:549.49,552.35 1 1
github.com/aiur-adept/sameriver/v7/world.go:552.35,557.4 2 1
github.com/aiur-adept/sameriver/v7/world.go:560.74,563.35 1 1
github.com/aiur-adept/sameriver/v7/world.go:563.35,564.28 1 1
github.com/aiur-adept/sameriver/v7/world.go:564.28,565.52 1 1
github.com/aiur-adept/sameriver/v7/world.go:565.52,567.6 1 1
github.com/aiur-adept/sameriver/v7/world.go:569.4,569.15 1 1
github.com/aiur-adept/sameriver/v7/world.go:576.87,579.35 1 0
github.com/aiur-adept/sameriver/v7/world.go:579.35,584.4 1 0
github.com/aiur-adept/sameriver/v7/world.go:588.58,590.2 1 1
github.com/aiur-adept/sameriver/v7/world.go:592.63,594.25 2 1
github.com/aiur-adept/sameriver/v7/world.go:594.25,596.3 1 1
github.com/aiur-adept/sameriver/v7/world.go:597.2,597.12 1 1
github.com/aiur-adept/sameriver/v7/world.go:600.66,604.2 3 1
github.com/aiur-adept/sameriver/v7/world.go:606.81,609.2 2 1
github.com/aiur-adept/sameriver/v7/world.go:611.33,614.2 1 1
github.com/aiur-adept/sameriver/v7/world.go:616.61,619.33 2 1
github.com/aiur-adept/sameriver/v7/world.go:619.33,621.3 1 1
github.com/aiur-adept/sameriver/v7/world.go:621.8,623.3 1 0
github.com/aiur-adept/sameriver/v7/world.go:624.2,624.14 1 1
github.com/aiur-adept/sameriver/v7/world.go:627.42,630.16 3 1
github.com/aiur-adept/sameriver/v7/world.go:630.16,631.13 1 0
github.com/aiur-adept/sameriver/v7/world.go:633.2,633.18 1 1
github.com/aiur-adept/sameriver/v7/world_entity_manager_proxy.go:3.35,5.2 1 1
github.com/aiur-adept/sameriver/v7/world_entity_manager_proxy.go:7.43,9.2 1 1
github.com/aiur-adept/sameriver/v7/world_entity_manager_proxy.go:11.46,13.2 1 1
github.com/aiur-adept/sameriver/v7/world_entity_manager_proxy.go:15.52,17.2 1 1
github.com/aiur-adept/sameriver/v7/world_entity_manager_proxy.go:19.49,21.2 1 1
github.com/aiur-adept/sameriver/v7/world_entity_manager_proxy.go:23.36,25.2 1 1
github.com/aiur-adept/sameriver/v7/world_entity_manager_proxy.go:27.30,29.2 1 1
github.com/aiur-adept/sameriver/v7/world_entity_manager_proxy.go:31.37,33.2 1 1
github.com/aiur-adept/sameriver/v7/world_entity_manager_proxy.go:35.39,37.2 1 1
github.com/aiur-adept/sameriver/v7/world_entity_manager_proxy.go:39.73,41.2 1 1
github.com/aiur-adept/sameriver/v7/world_entity_manager_proxy.go:43.79,45.2 1 1
github.com/aiur-adept/sameriver/v7/world_entity_manager_proxy.go:47.74,49.2 1 0
github.com/aiur-adept/sameriver/v7/world_entity_manager_proxy.go:51.76,53.2 1 1
github.com/aiur-adept/sameriver/v7/world_entity_manager_proxy.go:55.90,57.2 1 1
github.com/aiur-adept/sameriver/v7/world_entity_manager_proxy.go:59.65,61.2 1 1
github.com/aiur-adept/sameriver/v7/world_entity_manager_proxy.go:63.71,65.2 1 1
github.com/aiur-adept/sameriver/v7/world_entity_manager_proxy.go:67.54,69.2 1 1
github.com/aiur-adept/sameriver/v7/world_entity_manager_proxy.go:71.61,73.2 1 1
github.com/aiur-adept/sameriver/v7/world_entity_manager_proxy.go:75.52,77.2 1 1
github.com/aiur-adept/sameriver/v7/world_entity_manager_proxy.go:79.63,81.2 1 1
github.com/aiur-adept/sameriver/v7/world_entity_manager_proxy.go:83.55,85.2 1 1
github.com/aiur-adept/sameriver/v7/world_entity_manager_proxy.go:87.53,89.2 1 1
github.com/aiur-adept/sameriver/v7/world_entity_manager_proxy.go:91.57,93.2 1 1
github.com/aiur-adept/sameriver/v7/world_entity_manager_proxy.go:95.39,97.2 1 1
github.com/aiur-adept/sameriver/v7/world_queries.go:5.72,7.46 2 1
github.com/aiur-adept/sameriver/v7/world_queries.go:7.46,8.16 1 1
github.com/aiur-adept/sameriver/v7/world_queries.go:8.16,9.12 1 0
github.com/aiur-adept/sameriver/v7/world_queries.go:11.3,11.16 1 1
github.com/aiur-adept/sameriver/v7/world_queries.go:11.16,13.4 1 1
github.com/aiur-adept/sameriver/v7/world_queries.go:15.2,15.16 1 1
github.com/aiur-adept/sameriver/v7/world_queries.go:18.60,20.46 2 0
github.com/aiur-adept/sameriver/v7/world_queries.go:20.46,22.28 2 0
github.com/aiur-adept/sameriver/v7/world_queries.go:22.28,24.4 1 0
github.com/aiur-adept/sameriver/v7/world_queries.go:25.3,25.10 1 0
github.com/aiur-adept/sameriver/v7/world_queries.go:25.10,27.4 1 0
github.com/aiur-adept/sameriver/v7/world_queries.go:29.2,29.17 1 0
github.com/aiur-adept/sameriver/v7/world_queries.go:32.66,34.46 2 0
github.com/aiur-adept/sameriver/v7/world_queries.go:34.46,35.16 1 0
github.com/aiur-adept/sameriver/v7/world_queries.go:35.16,36.12 1 0
github.com/aiur-adept/sameriver/v7/world_queries.go:38.3,39.28 2 0
github.com/aiur-adept/sameriver/v7/world_queries.go:39.28,41.4 1 0
github.com/aiur-adept/sameriver/v7/world_queries.go:42.3,42.10 1 0
github.com/aiur-adept/sameriver/v7/world_queries.go:42.10,44.4 1 0
github.com/aiur-adept/sameriver/v7/world_queries.go:46.2,46.17 1 0
github.com/aiur-adept/sameriver/v7/world_queries.go:49.77,51.2 1 1
github.com/aiur-adept/sameriver/v7/world_queries.go:53.94,56.48 3 1
github.com/aiur-adept/sameriver/v7/world_queries.go:56.48,60.33 4 1
github.com/aiur-adept/sameriver/v7/world_queries.go:60.33,63.4 2 1
github.com/aiur-adept/sameriver/v7/world_queries.go:65.2,65.16 1 1
github.com/aiur-adept/sameriver/v7/world_queries.go:69.66,71.2 1 1
github.com/aiur-adept/sameriver/v7/world_queries.go:73.83,75.2 1 0
github.com/aiur-adept/sameriver/v7/world_queries.go:78.66,80.2 1 0
github.com/aiur-adept/sameriver/v7/world_queries.go:82.73,84.2 1 0
github.com/aiur-adept/sameriver/v7/world_queries.go:86.79,88.2 1 0
github.com/aiur-adept/sameriver/v7/world_save_load.go:8.39,10.16 2 1
github.com/aiur-adept/sameriver/v7/world_save_load.go:10.16,11.13 1 0
github.com/aiur-adept/sameriver/v7/world_save_load.go:13.2,13.39 1 1
github.com/aiur-adept/sameriver/v7/world_save_load.go:16.40,18.16 2 1
github.com/aiur-adept/sameriver/v7/world_save_load.go:18.16,19.13 1 0
github.com/aiur-adept/sameriver/v7/world_save_load.go:22.2,32.10 5 1
